TN:
SF:src/App.vue
FN:2,_regeneratorRuntime
FN:2,_regeneratorRuntime
FN:2,(anonymous_2)
FN:2,define
FN:2,define
FN:2,wrap
FN:2,tryCatch
FN:2,Generator
FN:2,GeneratorFunction
FN:2,GeneratorFunctionPrototype
FN:2,(anonymous_10)
FN:2,defineIteratorMethods
FN:2,(anonymous_12)
FN:2,(anonymous_13)
FN:2,AsyncIterator
FN:2,invoke
FN:2,(anonymous_16)
FN:2,(anonymous_17)
FN:2,(anonymous_18)
FN:2,(anonymous_19)
FN:2,value
FN:2,callInvokeWithMethodAndArg
FN:2,(anonymous_22)
FN:2,makeInvokeMethod
FN:2,(anonymous_24)
FN:2,maybeInvokeDelegate
FN:2,pushTryEntry
FN:2,resetTryEntry
FN:2,Context
FN:2,values
FN:2,next
FN:2,(anonymous_31)
FN:2,(anonymous_32)
FN:2,(anonymous_33)
FN:2,(anonymous_34)
FN:2,(anonymous_35)
FN:2,(anonymous_36)
FN:2,(anonymous_37)
FN:2,(anonymous_38)
FN:2,(anonymous_39)
FN:2,next
FN:2,reset
FN:2,stop
FN:2,dispatchException
FN:2,handle
FN:2,abrupt
FN:2,complete
FN:2,finish
FN:2,_catch
FN:2,delegateYield
FN:3,asyncGeneratorStep
FN:4,_asyncToGenerator
FN:4,(anonymous_52)
FN:4,(anonymous_53)
FN:4,_next
FN:4,_throw
FN:8,data
FN:14,mounted
FN:19,checkBackend
FN:22,_callee
FN:24,_callee$
FN:69,render
FNF:62
FNH:0
FNDA:0,_regeneratorRuntime
FNDA:0,_regeneratorRuntime
FNDA:0,(anonymous_2)
FNDA:0,define
FNDA:0,define
FNDA:0,wrap
FNDA:0,tryCatch
FNDA:0,Generator
FNDA:0,GeneratorFunction
FNDA:0,GeneratorFunctionPrototype
FNDA:0,(anonymous_10)
FNDA:0,defineIteratorMethods
FNDA:0,(anonymous_12)
FNDA:0,(anonymous_13)
FNDA:0,AsyncIterator
FNDA:0,invoke
FNDA:0,(anonymous_16)
FNDA:0,(anonymous_17)
FNDA:0,(anonymous_18)
FNDA:0,(anonymous_19)
FNDA:0,value
FNDA:0,callInvokeWithMethodAndArg
FNDA:0,(anonymous_22)
FNDA:0,makeInvokeMethod
FNDA:0,(anonymous_24)
FNDA:0,maybeInvokeDelegate
FNDA:0,pushTryEntry
FNDA:0,resetTryEntry
FNDA:0,Context
FNDA:0,values
FNDA:0,next
FNDA:0,(anonymous_31)
FNDA:0,(anonymous_32)
FNDA:0,(anonymous_33)
FNDA:0,(anonymous_34)
FNDA:0,(anonymous_35)
FNDA:0,(anonymous_36)
FNDA:0,(anonymous_37)
FNDA:0,(anonymous_38)
FNDA:0,(anonymous_39)
FNDA:0,next
FNDA:0,reset
FNDA:0,stop
FNDA:0,dispatchException
FNDA:0,handle
FNDA:0,abrupt
FNDA:0,complete
FNDA:0,finish
FNDA:0,_catch
FNDA:0,delegateYield
FNDA:0,asyncGeneratorStep
FNDA:0,_asyncToGenerator
FNDA:0,(anonymous_52)
FNDA:0,(anonymous_53)
FNDA:0,_next
FNDA:0,_throw
FNDA:0,data
FNDA:0,mounted
FNDA:0,checkBackend
FNDA:0,_callee
FNDA:0,_callee$
FNDA:0,render
DA:2,0
DA:3,0
DA:4,0
DA:9,0
DA:15,0
DA:22,0
DA:24,0
DA:25,0
DA:27,0
DA:28,0
DA:29,0
DA:31,0
DA:32,0
DA:33,0
DA:35,0
DA:36,0
DA:37,0
DA:38,0
DA:40,0
DA:41,0
DA:42,0
DA:49,0
DA:56,0
DA:58,0
DA:61,0
DA:62,0
DA:63,0
DA:66,0
DA:70,0
DA:71,0
DA:74,0
LF:31
LH:0
BRDA:2,0,0,0
BRDA:2,0,1,0
BRDA:2,1,0,0
BRDA:2,1,1,0
BRDA:2,2,0,0
BRDA:2,2,1,0
BRDA:2,3,0,0
BRDA:2,3,1,0
BRDA:2,4,0,0
BRDA:2,4,1,0
BRDA:2,5,0,0
BRDA:2,5,1,0
BRDA:2,6,0,0
BRDA:2,6,1,0
BRDA:2,7,0,0
BRDA:2,7,1,0
BRDA:2,8,0,0
BRDA:2,8,1,0
BRDA:2,9,0,0
BRDA:2,9,1,0
BRDA:2,9,2,0
BRDA:2,9,3,0
BRDA:2,10,0,0
BRDA:2,10,1,0
BRDA:2,11,0,0
BRDA:2,11,1,0
BRDA:2,12,0,0
BRDA:2,12,1,0
BRDA:2,12,2,0
BRDA:2,13,0,0
BRDA:2,13,1,0
BRDA:2,14,0,0
BRDA:2,14,1,0
BRDA:2,15,0,0
BRDA:2,15,1,0
BRDA:2,16,0,0
BRDA:2,16,1,0
BRDA:2,17,0,0
BRDA:2,17,1,0
BRDA:2,18,0,0
BRDA:2,18,1,0
BRDA:2,19,0,0
BRDA:2,19,1,0
BRDA:2,20,0,0
BRDA:2,20,1,0
BRDA:2,21,0,0
BRDA:2,21,1,0
BRDA:2,22,0,0
BRDA:2,22,1,0
BRDA:2,23,0,0
BRDA:2,23,1,0
BRDA:2,24,0,0
BRDA:2,24,1,0
BRDA:2,25,0,0
BRDA:2,25,1,0
BRDA:2,26,0,0
BRDA:2,26,1,0
BRDA:2,27,0,0
BRDA:2,27,1,0
BRDA:2,28,0,0
BRDA:2,28,1,0
BRDA:2,29,0,0
BRDA:2,29,1,0
BRDA:2,29,2,0
BRDA:2,29,3,0
BRDA:2,29,4,0
BRDA:2,30,0,0
BRDA:2,30,1,0
BRDA:2,31,0,0
BRDA:2,31,1,0
BRDA:2,32,0,0
BRDA:2,32,1,0
BRDA:2,33,0,0
BRDA:2,33,1,0
BRDA:2,34,0,0
BRDA:2,34,1,0
BRDA:2,35,0,0
BRDA:2,35,1,0
BRDA:2,36,0,0
BRDA:2,36,1,0
BRDA:2,37,0,0
BRDA:2,37,1,0
BRDA:2,38,0,0
BRDA:2,38,1,0
BRDA:2,39,0,0
BRDA:2,39,1,0
BRDA:2,40,0,0
BRDA:2,40,1,0
BRDA:2,41,0,0
BRDA:2,41,1,0
BRDA:2,42,0,0
BRDA:2,42,1,0
BRDA:2,43,0,0
BRDA:2,43,1,0
BRDA:2,44,0,0
BRDA:2,44,1,0
BRDA:2,44,2,0
BRDA:2,45,0,0
BRDA:2,45,1,0
BRDA:2,46,0,0
BRDA:2,46,1,0
BRDA:2,47,0,0
BRDA:2,47,1,0
BRDA:2,48,0,0
BRDA:2,48,1,0
BRDA:2,49,0,0
BRDA:2,49,1,0
BRDA:2,50,0,0
BRDA:2,50,1,0
BRDA:2,51,0,0
BRDA:2,51,1,0
BRDA:2,52,0,0
BRDA:2,52,1,0
BRDA:2,52,2,0
BRDA:2,52,3,0
BRDA:2,53,0,0
BRDA:2,53,1,0
BRDA:2,54,0,0
BRDA:2,54,1,0
BRDA:2,55,0,0
BRDA:2,55,1,0
BRDA:2,56,0,0
BRDA:2,56,1,0
BRDA:2,57,0,0
BRDA:2,57,1,0
BRDA:2,58,0,0
BRDA:2,58,1,0
BRDA:2,59,0,0
BRDA:2,59,1,0
BRDA:2,60,0,0
BRDA:2,60,1,0
BRDA:2,61,0,0
BRDA:2,61,1,0
BRDA:2,62,0,0
BRDA:2,62,1,0
BRDA:2,63,0,0
BRDA:2,63,1,0
BRDA:2,64,0,0
BRDA:2,64,1,0
BRDA:2,65,0,0
BRDA:2,65,1,0
BRDA:2,66,0,0
BRDA:2,66,1,0
BRDA:2,67,0,0
BRDA:2,67,1,0
BRDA:2,67,2,0
BRDA:2,68,0,0
BRDA:2,68,1,0
BRDA:2,68,2,0
BRDA:2,68,3,0
BRDA:2,68,4,0
BRDA:2,68,5,0
BRDA:2,69,0,0
BRDA:2,69,1,0
BRDA:2,70,0,0
BRDA:2,70,1,0
BRDA:2,71,0,0
BRDA:2,71,1,0
BRDA:2,72,0,0
BRDA:2,72,1,0
BRDA:2,73,0,0
BRDA:2,73,1,0
BRDA:2,74,0,0
BRDA:2,74,1,0
BRDA:2,75,0,0
BRDA:2,75,1,0
BRDA:2,75,2,0
BRDA:2,76,0,0
BRDA:2,76,1,0
BRDA:2,77,0,0
BRDA:2,77,1,0
BRDA:2,78,0,0
BRDA:2,78,1,0
BRDA:2,79,0,0
BRDA:2,79,1,0
BRDA:3,80,0,0
BRDA:3,80,1,0
BRDA:25,81,0,0
BRDA:25,81,1,0
BRDA:25,81,2,0
BRDA:25,81,3,0
BRDA:25,81,4,0
BRDA:25,81,5,0
BRDA:36,82,0,0
BRDA:36,82,1,0
BRDA:71,83,0,0
BRDA:71,83,1,0
BRF:187
BRH:0
end_of_record
TN:
SF:src/api/analytics.js
FN:97,(anonymous_0)
FN:99,(anonymous_1)
FN:100,(anonymous_2)
FN:120,(anonymous_3)
FN:122,(anonymous_4)
FN:123,(anonymous_5)
FN:143,(anonymous_6)
FN:145,(anonymous_7)
FN:146,(anonymous_8)
FN:166,(anonymous_9)
FN:168,(anonymous_10)
FN:169,(anonymous_11)
FN:190,(anonymous_12)
FN:192,(anonymous_13)
FN:193,(anonymous_14)
FNF:15
FNH:0
FNDA:0,(anonymous_0)
FNDA:0,(anonymous_1)
FNDA:0,(anonymous_2)
FNDA:0,(anonymous_3)
FNDA:0,(anonymous_4)
FNDA:0,(anonymous_5)
FNDA:0,(anonymous_6)
FNDA:0,(anonymous_7)
FNDA:0,(anonymous_8)
FNDA:0,(anonymous_9)
FNDA:0,(anonymous_10)
FNDA:0,(anonymous_11)
FNDA:0,(anonymous_12)
FNDA:0,(anonymous_13)
FNDA:0,(anonymous_14)
DA:9,0
DA:89,0
DA:99,0
DA:100,0
DA:101,0
DA:102,0
DA:104,0
DA:122,0
DA:123,0
DA:124,0
DA:125,0
DA:127,0
DA:145,0
DA:146,0
DA:147,0
DA:148,0
DA:150,0
DA:168,0
DA:169,0
DA:170,0
DA:171,0
DA:173,0
DA:192,0
DA:193,0
DA:194,0
LF:25
LH:0
BRDA:97,0,0,0
BRDA:101,1,0,0
BRDA:101,1,1,0
BRDA:102,2,0,0
BRDA:102,2,1,0
BRDA:120,3,0,0
BRDA:124,4,0,0
BRDA:124,4,1,0
BRDA:125,5,0,0
BRDA:125,5,1,0
BRDA:143,6,0,0
BRDA:147,7,0,0
BRDA:147,7,1,0
BRDA:148,8,0,0
BRDA:148,8,1,0
BRDA:166,9,0,0
BRDA:170,10,0,0
BRDA:170,10,1,0
BRDA:171,11,0,0
BRDA:171,11,1,0
BRF:20
BRH:0
end_of_record
TN:
SF:src/api/auth.js
FN:15,(anonymous_0)
FN:36,(anonymous_1)
FN:44,(anonymous_2)
FN:51,(anonymous_3)
FNF:4
FNH:0
FNDA:0,(anonymous_0)
FNDA:0,(anonymous_1)
FNDA:0,(anonymous_2)
FNDA:0,(anonymous_3)
DA:7,0
DA:16,0
DA:17,0
DA:18,0
DA:20,0
DA:37,0
DA:45,0
DA:52,0
DA:53,0
LF:9
LH:0
BRF:0
BRH:0
end_of_record
TN:
SF:src/api/index.js
FN:18,(anonymous_0)
FN:26,(anonymous_1)
FN:34,(anonymous_2)
FN:37,(anonymous_3)
FNF:4
FNH:0
FNDA:0,(anonymous_0)
FNDA:0,(anonymous_1)
FNDA:0,(anonymous_2)
FNDA:0,(anonymous_3)
DA:7,0
DA:17,0
DA:20,0
DA:21,0
DA:22,0
DA:24,0
DA:27,0
DA:28,0
DA:33,0
DA:35,0
DA:39,0
DA:41,0
DA:44,0
DA:45,0
DA:46,0
DA:48,0
DA:50,0
DA:53,0
DA:56,0
LF:19
LH:0
BRDA:21,0,0,0
BRDA:21,0,1,0
BRDA:39,1,0,0
BRDA:39,1,1,0
BRDA:44,2,0,0
BRDA:44,2,1,0
BRDA:48,3,0,0
BRDA:48,3,1,0
BRF:8
BRH:0
end_of_record
TN:
SF:src/api/jobs.js
FN:17,(anonymous_0)
FN:26,(anonymous_1)
FN:35,(anonymous_2)
FN:45,(anonymous_3)
FN:54,(anonymous_4)
FN:66,(anonymous_5)
FNF:6
FNH:0
FNDA:0,(anonymous_0)
FNDA:0,(anonymous_1)
FNDA:0,(anonymous_2)
FNDA:0,(anonymous_3)
FNDA:0,(anonymous_4)
FNDA:0,(anonymous_5)
DA:7,0
DA:18,0
DA:27,0
DA:36,0
DA:46,0
DA:55,0
DA:67,0
DA:68,0
DA:69,0
DA:71,0
DA:72,0
DA:75,0
LF:12
LH:0
BRDA:17,0,0,0
BRDA:71,1,0,0
BRDA:71,1,1,0
BRF:3
BRH:0
end_of_record
TN:
SF:src/api/matches.js
FN:18,(anonymous_0)
FN:29,(anonymous_1)
FN:39,(anonymous_2)
FN:52,(anonymous_3)
FN:64,(anonymous_4)
FNF:5
FNH:0
FNDA:0,(anonymous_0)
FNDA:0,(anonymous_1)
FNDA:0,(anonymous_2)
FNDA:0,(anonymous_3)
FNDA:0,(anonymous_4)
DA:7,0
DA:19,0
DA:30,0
DA:40,0
DA:53,0
DA:65,0
LF:6
LH:0
BRDA:18,0,0,0
BRDA:52,1,0,0
BRDA:64,2,0,0
BRF:3
BRH:0
end_of_record
TN:
SF:src/api/plans.js
FN:16,(anonymous_0)
FN:25,(anonymous_1)
FN:34,(anonymous_2)
FN:44,(anonymous_3)
FN:53,(anonymous_4)
FN:65,(anonymous_5)
FN:75,(anonymous_6)
FNF:7
FNH:0
FNDA:0,(anonymous_0)
FNDA:0,(anonymous_1)
FNDA:0,(anonymous_2)
FNDA:0,(anonymous_3)
FNDA:0,(anonymous_4)
FNDA:0,(anonymous_5)
FNDA:0,(anonymous_6)
DA:7,0
DA:17,0
DA:26,0
DA:35,0
DA:45,0
DA:54,0
DA:66,0
DA:76,0
LF:8
LH:0
BRDA:16,0,0,0
BRDA:75,1,0,0
BRF:2
BRH:0
end_of_record
TN:
SF:src/api/resumes.js
FN:17,(anonymous_0)
FN:26,(anonymous_1)
FN:35,(anonymous_2)
FN:45,(anonymous_3)
FN:54,(anonymous_4)
FN:65,(anonymous_5)
FN:85,(anonymous_6)
FN:88,(anonymous_7)
FN:108,(anonymous_8)
FNF:9
FNH:0
FNDA:0,(anonymous_0)
FNDA:0,(anonymous_1)
FNDA:0,(anonymous_2)
FNDA:0,(anonymous_3)
FNDA:0,(anonymous_4)
FNDA:0,(anonymous_5)
FNDA:0,(anonymous_6)
FNDA:0,(anonymous_7)
FNDA:0,(anonymous_8)
DA:7,0
DA:18,0
DA:27,0
DA:36,0
DA:46,0
DA:55,0
DA:66,0
DA:67,0
DA:69,0
DA:70,0
DA:73,0
DA:86,0
DA:88,0
DA:89,0
DA:92,0
DA:109,0
LF:16
LH:0
BRDA:17,0,0,0
BRDA:65,1,0,0
BRDA:69,2,0,0
BRDA:69,2,1,0
BRF:4
BRH:0
end_of_record
TN:
SF:src/components/analytics/CandidateProgressChart.vue
FN:2,_regeneratorRuntime
FN:2,_regeneratorRuntime
FN:2,(anonymous_2)
FN:2,define
FN:2,define
FN:2,wrap
FN:2,tryCatch
FN:2,Generator
FN:2,GeneratorFunction
FN:2,GeneratorFunctionPrototype
FN:2,(anonymous_10)
FN:2,defineIteratorMethods
FN:2,(anonymous_12)
FN:2,(anonymous_13)
FN:2,AsyncIterator
FN:2,invoke
FN:2,(anonymous_16)
FN:2,(anonymous_17)
FN:2,(anonymous_18)
FN:2,(anonymous_19)
FN:2,value
FN:2,callInvokeWithMethodAndArg
FN:2,(anonymous_22)
FN:2,makeInvokeMethod
FN:2,(anonymous_24)
FN:2,maybeInvokeDelegate
FN:2,pushTryEntry
FN:2,resetTryEntry
FN:2,Context
FN:2,values
FN:2,next
FN:2,(anonymous_31)
FN:2,(anonymous_32)
FN:2,(anonymous_33)
FN:2,(anonymous_34)
FN:2,(anonymous_35)
FN:2,(anonymous_36)
FN:2,(anonymous_37)
FN:2,(anonymous_38)
FN:2,(anonymous_39)
FN:2,next
FN:2,reset
FN:2,stop
FN:2,dispatchException
FN:2,handle
FN:2,abrupt
FN:2,complete
FN:2,finish
FN:2,_catch
FN:2,delegateYield
FN:3,asyncGeneratorStep
FN:4,_asyncToGenerator
FN:4,(anonymous_52)
FN:4,(anonymous_53)
FN:4,_next
FN:4,_throw
FN:23,setup
FN:65,initChart
FN:79,handleResize
FN:88,(anonymous_59)
FN:91,_callee
FN:239,fetchData
FN:245,updateChart
FN:255,renderStatusChart
FN:276,(anonymous_64)
FN:297,renderTrendChart
FN:308,(anonymous_66)
FN:329,(anonymous_67)
FN:343,getStatusType
FN:357,formatDate
FN:368,(anonymous_70)
FN:373,(anonymous_71)
FN:378,(anonymous_72)
FN:383,(anonymous_73)
FN:388,(anonymous_74)
FN:452,render
FN:466,(anonymous_76)
FN:473,(anonymous_77)
FN:494,(anonymous_78)
FN:502,(anonymous_79)
FN:503,(anonymous_80)
FN:514,(anonymous_81)
FN:521,(anonymous_82)
FN:534,(anonymous_83)
FN:535,(anonymous_84)
FN:540,(anonymous_85)
FN:549,(anonymous_86)
FN:556,(anonymous_87)
FN:574,(anonymous_88)
FN:588,(anonymous_89)
FN:592,(anonymous_90)
FN:611,(anonymous_91)
FNF:92
FNH:0
FNDA:0,_regeneratorRuntime
FNDA:0,_regeneratorRuntime
FNDA:0,(anonymous_2)
FNDA:0,define
FNDA:0,define
FNDA:0,wrap
FNDA:0,tryCatch
FNDA:0,Generator
FNDA:0,GeneratorFunction
FNDA:0,GeneratorFunctionPrototype
FNDA:0,(anonymous_10)
FNDA:0,defineIteratorMethods
FNDA:0,(anonymous_12)
FNDA:0,(anonymous_13)
FNDA:0,AsyncIterator
FNDA:0,invoke
FNDA:0,(anonymous_16)
FNDA:0,(anonymous_17)
FNDA:0,(anonymous_18)
FNDA:0,(anonymous_19)
FNDA:0,value
FNDA:0,callInvokeWithMethodAndArg
FNDA:0,(anonymous_22)
FNDA:0,makeInvokeMethod
FNDA:0,(anonymous_24)
FNDA:0,maybeInvokeDelegate
FNDA:0,pushTryEntry
FNDA:0,resetTryEntry
FNDA:0,Context
FNDA:0,values
FNDA:0,next
FNDA:0,(anonymous_31)
FNDA:0,(anonymous_32)
FNDA:0,(anonymous_33)
FNDA:0,(anonymous_34)
FNDA:0,(anonymous_35)
FNDA:0,(anonymous_36)
FNDA:0,(anonymous_37)
FNDA:0,(anonymous_38)
FNDA:0,(anonymous_39)
FNDA:0,next
FNDA:0,reset
FNDA:0,stop
FNDA:0,dispatchException
FNDA:0,handle
FNDA:0,abrupt
FNDA:0,complete
FNDA:0,finish
FNDA:0,_catch
FNDA:0,delegateYield
FNDA:0,asyncGeneratorStep
FNDA:0,_asyncToGenerator
FNDA:0,(anonymous_52)
FNDA:0,(anonymous_53)
FNDA:0,_next
FNDA:0,_throw
FNDA:0,setup
FNDA:0,initChart
FNDA:0,handleResize
FNDA:0,(anonymous_59)
FNDA:0,_callee
FNDA:0,fetchData
FNDA:0,updateChart
FNDA:0,renderStatusChart
FNDA:0,(anonymous_64)
FNDA:0,renderTrendChart
FNDA:0,(anonymous_66)
FNDA:0,(anonymous_67)
FNDA:0,getStatusType
FNDA:0,formatDate
FNDA:0,(anonymous_70)
FNDA:0,(anonymous_71)
FNDA:0,(anonymous_72)
FNDA:0,(anonymous_73)
FNDA:0,(anonymous_74)
FNDA:0,render
FNDA:0,(anonymous_76)
FNDA:0,(anonymous_77)
FNDA:0,(anonymous_78)
FNDA:0,(anonymous_79)
FNDA:0,(anonymous_80)
FNDA:0,(anonymous_81)
FNDA:0,(anonymous_82)
FNDA:0,(anonymous_83)
FNDA:0,(anonymous_84)
FNDA:0,(anonymous_85)
FNDA:0,(anonymous_86)
FNDA:0,(anonymous_87)
FNDA:0,(anonymous_88)
FNDA:0,(anonymous_89)
FNDA:0,(anonymous_90)
FNDA:0,(anonymous_91)
DA:2,0
DA:3,0
DA:4,0
DA:25,0
DA:26,0
DA:29,0
DA:32,0
DA:35,0
DA:38,0
DA:41,0
DA:53,0
DA:56,0
DA:59,0
DA:62,0
DA:65,0
DA:66,0
DA:69,0
DA:72,0
DA:75,0
DA:79,0
DA:80,0
DA:81,0
DA:88,0
DA:89,0
DA:239,0
DA:240,0
DA:245,0
DA:246,0
DA:247,0
DA:248,0
DA:250,0
DA:255,0
DA:256,0
DA:257,0
DA:293,0
DA:297,0
DA:298,0
DA:299,0
DA:339,0
DA:343,0
DA:344,0
DA:353,0
DA:357,0
DA:358,0
DA:359,0
DA:360,0
DA:368,0
DA:369,0
DA:373,0
DA:374,0
DA:378,0
DA:379,0
DA:383,0
DA:384,0
DA:388,0
DA:389,0
DA:390,0
DA:391,0
DA:393,0
DA:395,0
DA:411,0
DA:413,0
DA:416,0
DA:417,0
DA:418,0
DA:421,0
DA:424,0
DA:427,0
DA:430,0
DA:434,0
DA:437,0
DA:440,0
DA:443,0
DA:446,0
DA:449,0
DA:453,0
DA:454,0
DA:455,0
DA:456,0
DA:457,0
DA:458,0
DA:459,0
DA:460,0
DA:461,0
DA:462,0
DA:463,0
DA:464,0
DA:467,0
DA:474,0
DA:495,0
DA:503,0
DA:504,0
DA:515,0
DA:522,0
DA:535,0
DA:536,0
DA:541,0
DA:550,0
DA:557,0
DA:575,0
DA:589,0
DA:593,0
DA:612,0
DA:619,0
LF:104
LH:0
BRDA:2,0,0,0
BRDA:2,0,1,0
BRDA:2,1,0,0
BRDA:2,1,1,0
BRDA:2,2,0,0
BRDA:2,2,1,0
BRDA:2,3,0,0
BRDA:2,3,1,0
BRDA:2,4,0,0
BRDA:2,4,1,0
BRDA:2,5,0,0
BRDA:2,5,1,0
BRDA:2,6,0,0
BRDA:2,6,1,0
BRDA:2,7,0,0
BRDA:2,7,1,0
BRDA:2,8,0,0
BRDA:2,8,1,0
BRDA:2,9,0,0
BRDA:2,9,1,0
BRDA:2,9,2,0
BRDA:2,9,3,0
BRDA:2,10,0,0
BRDA:2,10,1,0
BRDA:2,11,0,0
BRDA:2,11,1,0
BRDA:2,12,0,0
BRDA:2,12,1,0
BRDA:2,12,2,0
BRDA:2,13,0,0
BRDA:2,13,1,0
BRDA:2,14,0,0
BRDA:2,14,1,0
BRDA:2,15,0,0
BRDA:2,15,1,0
BRDA:2,16,0,0
BRDA:2,16,1,0
BRDA:2,17,0,0
BRDA:2,17,1,0
BRDA:2,18,0,0
BRDA:2,18,1,0
BRDA:2,19,0,0
BRDA:2,19,1,0
BRDA:2,20,0,0
BRDA:2,20,1,0
BRDA:2,21,0,0
BRDA:2,21,1,0
BRDA:2,22,0,0
BRDA:2,22,1,0
BRDA:2,23,0,0
BRDA:2,23,1,0
BRDA:2,24,0,0
BRDA:2,24,1,0
BRDA:2,25,0,0
BRDA:2,25,1,0
BRDA:2,26,0,0
BRDA:2,26,1,0
BRDA:2,27,0,0
BRDA:2,27,1,0
BRDA:2,28,0,0
BRDA:2,28,1,0
BRDA:2,29,0,0
BRDA:2,29,1,0
BRDA:2,29,2,0
BRDA:2,29,3,0
BRDA:2,29,4,0
BRDA:2,30,0,0
BRDA:2,30,1,0
BRDA:2,31,0,0
BRDA:2,31,1,0
BRDA:2,32,0,0
BRDA:2,32,1,0
BRDA:2,33,0,0
BRDA:2,33,1,0
BRDA:2,34,0,0
BRDA:2,34,1,0
BRDA:2,35,0,0
BRDA:2,35,1,0
BRDA:2,36,0,0
BRDA:2,36,1,0
BRDA:2,37,0,0
BRDA:2,37,1,0
BRDA:2,38,0,0
BRDA:2,38,1,0
BRDA:2,39,0,0
BRDA:2,39,1,0
BRDA:2,40,0,0
BRDA:2,40,1,0
BRDA:2,41,0,0
BRDA:2,41,1,0
BRDA:2,42,0,0
BRDA:2,42,1,0
BRDA:2,43,0,0
BRDA:2,43,1,0
BRDA:2,44,0,0
BRDA:2,44,1,0
BRDA:2,44,2,0
BRDA:2,45,0,0
BRDA:2,45,1,0
BRDA:2,46,0,0
BRDA:2,46,1,0
BRDA:2,47,0,0
BRDA:2,47,1,0
BRDA:2,48,0,0
BRDA:2,48,1,0
BRDA:2,49,0,0
BRDA:2,49,1,0
BRDA:2,50,0,0
BRDA:2,50,1,0
BRDA:2,51,0,0
BRDA:2,51,1,0
BRDA:2,52,0,0
BRDA:2,52,1,0
BRDA:2,52,2,0
BRDA:2,52,3,0
BRDA:2,53,0,0
BRDA:2,53,1,0
BRDA:2,54,0,0
BRDA:2,54,1,0
BRDA:2,55,0,0
BRDA:2,55,1,0
BRDA:2,56,0,0
BRDA:2,56,1,0
BRDA:2,57,0,0
BRDA:2,57,1,0
BRDA:2,58,0,0
BRDA:2,58,1,0
BRDA:2,59,0,0
BRDA:2,59,1,0
BRDA:2,60,0,0
BRDA:2,60,1,0
BRDA:2,61,0,0
BRDA:2,61,1,0
BRDA:2,62,0,0
BRDA:2,62,1,0
BRDA:2,63,0,0
BRDA:2,63,1,0
BRDA:2,64,0,0
BRDA:2,64,1,0
BRDA:2,65,0,0
BRDA:2,65,1,0
BRDA:2,66,0,0
BRDA:2,66,1,0
BRDA:2,67,0,0
BRDA:2,67,1,0
BRDA:2,67,2,0
BRDA:2,68,0,0
BRDA:2,68,1,0
BRDA:2,68,2,0
BRDA:2,68,3,0
BRDA:2,68,4,0
BRDA:2,68,5,0
BRDA:2,69,0,0
BRDA:2,69,1,0
BRDA:2,70,0,0
BRDA:2,70,1,0
BRDA:2,71,0,0
BRDA:2,71,1,0
BRDA:2,72,0,0
BRDA:2,72,1,0
BRDA:2,73,0,0
BRDA:2,73,1,0
BRDA:2,74,0,0
BRDA:2,74,1,0
BRDA:2,75,0,0
BRDA:2,75,1,0
BRDA:2,75,2,0
BRDA:2,76,0,0
BRDA:2,76,1,0
BRDA:2,77,0,0
BRDA:2,77,1,0
BRDA:2,78,0,0
BRDA:2,78,1,0
BRDA:2,79,0,0
BRDA:2,79,1,0
BRDA:3,80,0,0
BRDA:3,80,1,0
BRDA:66,81,0,0
BRDA:66,81,1,0
BRDA:80,82,0,0
BRDA:80,82,1,0
BRDA:246,83,0,0
BRDA:246,83,1,0
BRDA:247,84,0,0
BRDA:247,84,1,0
BRDA:256,85,0,0
BRDA:256,85,1,0
BRDA:256,86,0,0
BRDA:256,86,1,0
BRDA:298,87,0,0
BRDA:298,87,1,0
BRDA:298,88,0,0
BRDA:298,88,1,0
BRDA:353,89,0,0
BRDA:353,89,1,0
BRDA:358,90,0,0
BRDA:358,90,1,0
BRDA:389,91,0,0
BRDA:389,91,1,0
BRDA:464,92,0,0
BRDA:464,92,1,0
BRDA:466,93,0,0
BRDA:466,93,1,0
BRDA:494,94,0,0
BRDA:494,94,1,0
BRDA:514,95,0,0
BRDA:514,95,1,0
BRDA:546,96,0,0
BRDA:546,96,1,0
BRDA:553,97,0,0
BRDA:553,97,1,0
BRDA:567,98,0,0
BRDA:567,98,1,0
BRF:213
BRH:0
end_of_record
TN:
SF:src/components/analytics/ChannelEffectivenessChart.vue
FN:2,_regeneratorRuntime
FN:2,_regeneratorRuntime
FN:2,(anonymous_2)
FN:2,define
FN:2,define
FN:2,wrap
FN:2,tryCatch
FN:2,Generator
FN:2,GeneratorFunction
FN:2,GeneratorFunctionPrototype
FN:2,(anonymous_10)
FN:2,defineIteratorMethods
FN:2,(anonymous_12)
FN:2,(anonymous_13)
FN:2,AsyncIterator
FN:2,invoke
FN:2,(anonymous_16)
FN:2,(anonymous_17)
FN:2,(anonymous_18)
FN:2,(anonymous_19)
FN:2,value
FN:2,callInvokeWithMethodAndArg
FN:2,(anonymous_22)
FN:2,makeInvokeMethod
FN:2,(anonymous_24)
FN:2,maybeInvokeDelegate
FN:2,pushTryEntry
FN:2,resetTryEntry
FN:2,Context
FN:2,values
FN:2,next
FN:2,(anonymous_31)
FN:2,(anonymous_32)
FN:2,(anonymous_33)
FN:2,(anonymous_34)
FN:2,(anonymous_35)
FN:2,(anonymous_36)
FN:2,(anonymous_37)
FN:2,(anonymous_38)
FN:2,(anonymous_39)
FN:2,next
FN:2,reset
FN:2,stop
FN:2,dispatchException
FN:2,handle
FN:2,abrupt
FN:2,complete
FN:2,finish
FN:2,_catch
FN:2,delegateYield
FN:3,asyncGeneratorStep
FN:4,_asyncToGenerator
FN:4,(anonymous_52)
FN:4,(anonymous_53)
FN:4,_next
FN:4,_throw
FN:28,setup
FN:61,initChart
FN:75,handleResize
FN:84,(anonymous_59)
FN:87,_callee
FN:193,fetchData
FN:199,updateChart
FN:203,(anonymous_63)
FN:208,(anonymous_64)
FN:254,color
FN:271,formatter
FN:286,getMetricName
FN:299,(anonymous_68)
FN:304,(anonymous_69)
FN:309,(anonymous_70)
FN:314,(anonymous_71)
FN:319,(anonymous_72)
FN:367,render
FN:376,(anonymous_74)
FN:383,(anonymous_75)
FN:404,(anonymous_76)
FN:412,(anonymous_77)
FN:413,(anonymous_78)
FN:424,(anonymous_79)
FN:431,(anonymous_80)
FN:456,(anonymous_81)
FN:470,(anonymous_82)
FN:479,(anonymous_83)
FN:488,(anonymous_84)
FN:497,(anonymous_85)
FN:500,onUpdateModelValue
FN:515,(anonymous_87)
FNF:88
FNH:0
FNDA:0,_regeneratorRuntime
FNDA:0,_regeneratorRuntime
FNDA:0,(anonymous_2)
FNDA:0,define
FNDA:0,define
FNDA:0,wrap
FNDA:0,tryCatch
FNDA:0,Generator
FNDA:0,GeneratorFunction
FNDA:0,GeneratorFunctionPrototype
FNDA:0,(anonymous_10)
FNDA:0,defineIteratorMethods
FNDA:0,(anonymous_12)
FNDA:0,(anonymous_13)
FNDA:0,AsyncIterator
FNDA:0,invoke
FNDA:0,(anonymous_16)
FNDA:0,(anonymous_17)
FNDA:0,(anonymous_18)
FNDA:0,(anonymous_19)
FNDA:0,value
FNDA:0,callInvokeWithMethodAndArg
FNDA:0,(anonymous_22)
FNDA:0,makeInvokeMethod
FNDA:0,(anonymous_24)
FNDA:0,maybeInvokeDelegate
FNDA:0,pushTryEntry
FNDA:0,resetTryEntry
FNDA:0,Context
FNDA:0,values
FNDA:0,next
FNDA:0,(anonymous_31)
FNDA:0,(anonymous_32)
FNDA:0,(anonymous_33)
FNDA:0,(anonymous_34)
FNDA:0,(anonymous_35)
FNDA:0,(anonymous_36)
FNDA:0,(anonymous_37)
FNDA:0,(anonymous_38)
FNDA:0,(anonymous_39)
FNDA:0,next
FNDA:0,reset
FNDA:0,stop
FNDA:0,dispatchException
FNDA:0,handle
FNDA:0,abrupt
FNDA:0,complete
FNDA:0,finish
FNDA:0,_catch
FNDA:0,delegateYield
FNDA:0,asyncGeneratorStep
FNDA:0,_asyncToGenerator
FNDA:0,(anonymous_52)
FNDA:0,(anonymous_53)
FNDA:0,_next
FNDA:0,_throw
FNDA:0,setup
FNDA:0,initChart
FNDA:0,handleResize
FNDA:0,(anonymous_59)
FNDA:0,_callee
FNDA:0,fetchData
FNDA:0,updateChart
FNDA:0,(anonymous_63)
FNDA:0,(anonymous_64)
FNDA:0,color
FNDA:0,formatter
FNDA:0,getMetricName
FNDA:0,(anonymous_68)
FNDA:0,(anonymous_69)
FNDA:0,(anonymous_70)
FNDA:0,(anonymous_71)
FNDA:0,(anonymous_72)
FNDA:0,render
FNDA:0,(anonymous_74)
FNDA:0,(anonymous_75)
FNDA:0,(anonymous_76)
FNDA:0,(anonymous_77)
FNDA:0,(anonymous_78)
FNDA:0,(anonymous_79)
FNDA:0,(anonymous_80)
FNDA:0,(anonymous_81)
FNDA:0,(anonymous_82)
FNDA:0,(anonymous_83)
FNDA:0,(anonymous_84)
FNDA:0,(anonymous_85)
FNDA:0,onUpdateModelValue
FNDA:0,(anonymous_87)
DA:2,0
DA:3,0
DA:4,0
DA:30,0
DA:31,0
DA:34,0
DA:37,0
DA:40,0
DA:43,0
DA:46,0
DA:58,0
DA:61,0
DA:62,0
DA:65,0
DA:68,0
DA:71,0
DA:75,0
DA:76,0
DA:77,0
DA:84,0
DA:85,0
DA:193,0
DA:194,0
DA:199,0
DA:200,0
DA:203,0
DA:208,0
DA:215,0
DA:218,0
DA:256,0
DA:257,0
DA:258,0
DA:259,0
DA:260,0
DA:262,0
DA:263,0
DA:264,0
DA:272,0
DA:273,0
DA:275,0
DA:282,0
DA:286,0
DA:287,0
DA:295,0
DA:299,0
DA:300,0
DA:304,0
DA:305,0
DA:309,0
DA:310,0
DA:314,0
DA:315,0
DA:319,0
DA:320,0
DA:321,0
DA:322,0
DA:324,0
DA:326,0
DA:338,0
DA:340,0
DA:343,0
DA:344,0
DA:345,0
DA:348,0
DA:351,0
DA:354,0
DA:357,0
DA:361,0
DA:364,0
DA:368,0
DA:369,0
DA:370,0
DA:371,0
DA:372,0
DA:373,0
DA:374,0
DA:377,0
DA:384,0
DA:405,0
DA:413,0
DA:414,0
DA:425,0
DA:432,0
DA:457,0
DA:471,0
DA:480,0
DA:489,0
DA:498,0
DA:501,0
DA:516,0
DA:523,0
LF:91
LH:0
BRDA:2,0,0,0
BRDA:2,0,1,0
BRDA:2,1,0,0
BRDA:2,1,1,0
BRDA:2,2,0,0
BRDA:2,2,1,0
BRDA:2,3,0,0
BRDA:2,3,1,0
BRDA:2,4,0,0
BRDA:2,4,1,0
BRDA:2,5,0,0
BRDA:2,5,1,0
BRDA:2,6,0,0
BRDA:2,6,1,0
BRDA:2,7,0,0
BRDA:2,7,1,0
BRDA:2,8,0,0
BRDA:2,8,1,0
BRDA:2,9,0,0
BRDA:2,9,1,0
BRDA:2,9,2,0
BRDA:2,9,3,0
BRDA:2,10,0,0
BRDA:2,10,1,0
BRDA:2,11,0,0
BRDA:2,11,1,0
BRDA:2,12,0,0
BRDA:2,12,1,0
BRDA:2,12,2,0
BRDA:2,13,0,0
BRDA:2,13,1,0
BRDA:2,14,0,0
BRDA:2,14,1,0
BRDA:2,15,0,0
BRDA:2,15,1,0
BRDA:2,16,0,0
BRDA:2,16,1,0
BRDA:2,17,0,0
BRDA:2,17,1,0
BRDA:2,18,0,0
BRDA:2,18,1,0
BRDA:2,19,0,0
BRDA:2,19,1,0
BRDA:2,20,0,0
BRDA:2,20,1,0
BRDA:2,21,0,0
BRDA:2,21,1,0
BRDA:2,22,0,0
BRDA:2,22,1,0
BRDA:2,23,0,0
BRDA:2,23,1,0
BRDA:2,24,0,0
BRDA:2,24,1,0
BRDA:2,25,0,0
BRDA:2,25,1,0
BRDA:2,26,0,0
BRDA:2,26,1,0
BRDA:2,27,0,0
BRDA:2,27,1,0
BRDA:2,28,0,0
BRDA:2,28,1,0
BRDA:2,29,0,0
BRDA:2,29,1,0
BRDA:2,29,2,0
BRDA:2,29,3,0
BRDA:2,29,4,0
BRDA:2,30,0,0
BRDA:2,30,1,0
BRDA:2,31,0,0
BRDA:2,31,1,0
BRDA:2,32,0,0
BRDA:2,32,1,0
BRDA:2,33,0,0
BRDA:2,33,1,0
BRDA:2,34,0,0
BRDA:2,34,1,0
BRDA:2,35,0,0
BRDA:2,35,1,0
BRDA:2,36,0,0
BRDA:2,36,1,0
BRDA:2,37,0,0
BRDA:2,37,1,0
BRDA:2,38,0,0
BRDA:2,38,1,0
BRDA:2,39,0,0
BRDA:2,39,1,0
BRDA:2,40,0,0
BRDA:2,40,1,0
BRDA:2,41,0,0
BRDA:2,41,1,0
BRDA:2,42,0,0
BRDA:2,42,1,0
BRDA:2,43,0,0
BRDA:2,43,1,0
BRDA:2,44,0,0
BRDA:2,44,1,0
BRDA:2,44,2,0
BRDA:2,45,0,0
BRDA:2,45,1,0
BRDA:2,46,0,0
BRDA:2,46,1,0
BRDA:2,47,0,0
BRDA:2,47,1,0
BRDA:2,48,0,0
BRDA:2,48,1,0
BRDA:2,49,0,0
BRDA:2,49,1,0
BRDA:2,50,0,0
BRDA:2,50,1,0
BRDA:2,51,0,0
BRDA:2,51,1,0
BRDA:2,52,0,0
BRDA:2,52,1,0
BRDA:2,52,2,0
BRDA:2,52,3,0
BRDA:2,53,0,0
BRDA:2,53,1,0
BRDA:2,54,0,0
BRDA:2,54,1,0
BRDA:2,55,0,0
BRDA:2,55,1,0
BRDA:2,56,0,0
BRDA:2,56,1,0
BRDA:2,57,0,0
BRDA:2,57,1,0
BRDA:2,58,0,0
BRDA:2,58,1,0
BRDA:2,59,0,0
BRDA:2,59,1,0
BRDA:2,60,0,0
BRDA:2,60,1,0
BRDA:2,61,0,0
BRDA:2,61,1,0
BRDA:2,62,0,0
BRDA:2,62,1,0
BRDA:2,63,0,0
BRDA:2,63,1,0
BRDA:2,64,0,0
BRDA:2,64,1,0
BRDA:2,65,0,0
BRDA:2,65,1,0
BRDA:2,66,0,0
BRDA:2,66,1,0
BRDA:2,67,0,0
BRDA:2,67,1,0
BRDA:2,67,2,0
BRDA:2,68,0,0
BRDA:2,68,1,0
BRDA:2,68,2,0
BRDA:2,68,3,0
BRDA:2,68,4,0
BRDA:2,68,5,0
BRDA:2,69,0,0
BRDA:2,69,1,0
BRDA:2,70,0,0
BRDA:2,70,1,0
BRDA:2,71,0,0
BRDA:2,71,1,0
BRDA:2,72,0,0
BRDA:2,72,1,0
BRDA:2,73,0,0
BRDA:2,73,1,0
BRDA:2,74,0,0
BRDA:2,74,1,0
BRDA:2,75,0,0
BRDA:2,75,1,0
BRDA:2,75,2,0
BRDA:2,76,0,0
BRDA:2,76,1,0
BRDA:2,77,0,0
BRDA:2,77,1,0
BRDA:2,78,0,0
BRDA:2,78,1,0
BRDA:2,79,0,0
BRDA:2,79,1,0
BRDA:3,80,0,0
BRDA:3,80,1,0
BRDA:62,81,0,0
BRDA:62,81,1,0
BRDA:76,82,0,0
BRDA:76,82,1,0
BRDA:200,83,0,0
BRDA:200,83,1,0
BRDA:200,84,0,0
BRDA:200,84,1,0
BRDA:257,85,0,0
BRDA:257,85,1,0
BRDA:258,86,0,0
BRDA:258,86,1,0
BRDA:259,87,0,0
BRDA:259,87,1,0
BRDA:262,88,0,0
BRDA:262,88,1,0
BRDA:263,89,0,0
BRDA:263,89,1,0
BRDA:272,90,0,0
BRDA:272,90,1,0
BRDA:272,91,0,0
BRDA:272,91,1,0
BRDA:272,91,2,0
BRDA:295,92,0,0
BRDA:295,92,1,0
BRDA:320,93,0,0
BRDA:320,93,1,0
BRDA:374,94,0,0
BRDA:374,94,1,0
BRDA:376,95,0,0
BRDA:376,95,1,0
BRDA:404,96,0,0
BRDA:404,96,1,0
BRDA:424,97,0,0
BRDA:424,97,1,0
BRF:212
BRH:0
end_of_record
TN:
SF:src/components/analytics/DataExporter.vue
FN:2,_regeneratorRuntime
FN:2,_regeneratorRuntime
FN:2,(anonymous_2)
FN:2,define
FN:2,define
FN:2,wrap
FN:2,tryCatch
FN:2,Generator
FN:2,GeneratorFunction
FN:2,GeneratorFunctionPrototype
FN:2,(anonymous_10)
FN:2,defineIteratorMethods
FN:2,(anonymous_12)
FN:2,(anonymous_13)
FN:2,AsyncIterator
FN:2,invoke
FN:2,(anonymous_16)
FN:2,(anonymous_17)
FN:2,(anonymous_18)
FN:2,(anonymous_19)
FN:2,value
FN:2,callInvokeWithMethodAndArg
FN:2,(anonymous_22)
FN:2,makeInvokeMethod
FN:2,(anonymous_24)
FN:2,maybeInvokeDelegate
FN:2,pushTryEntry
FN:2,resetTryEntry
FN:2,Context
FN:2,values
FN:2,next
FN:2,(anonymous_31)
FN:2,(anonymous_32)
FN:2,(anonymous_33)
FN:2,(anonymous_34)
FN:2,(anonymous_35)
FN:2,(anonymous_36)
FN:2,(anonymous_37)
FN:2,(anonymous_38)
FN:2,(anonymous_39)
FN:2,next
FN:2,reset
FN:2,stop
FN:2,dispatchException
FN:2,handle
FN:2,abrupt
FN:2,complete
FN:2,finish
FN:2,_catch
FN:2,delegateYield
FN:3,asyncGeneratorStep
FN:4,_asyncToGenerator
FN:4,(anonymous_52)
FN:4,(anonymous_53)
FN:4,_next
FN:4,_throw
FN:10,setup
FN:43,(anonymous_57)
FN:46,_callee
FN:101,fetchExportHistory
FN:109,(anonymous_60)
FN:112,_callee2
FN:184,exportData
FN:190,resetForm
FN:201,downloadReport
FN:211,getFormatLabel
FN:222,formatDate
FN:235,(anonymous_67)
FN:264,render
FN:288,(anonymous_69)
FN:293,(anonymous_70)
FN:296,(anonymous_71)
FN:307,(anonymous_72)
FN:310,(anonymous_73)
FN:326,(anonymous_74)
FN:329,(anonymous_75)
FN:337,(anonymous_76)
FN:338,(anonymous_77)
FN:354,(anonymous_78)
FN:357,(anonymous_79)
FN:361,(anonymous_80)
FN:365,(anonymous_81)
FN:372,(anonymous_82)
FN:379,(anonymous_83)
FN:386,(anonymous_84)
FN:399,(anonymous_85)
FN:402,(anonymous_86)
FN:406,(anonymous_87)
FN:410,(anonymous_88)
FN:417,(anonymous_89)
FN:424,(anonymous_90)
FN:431,(anonymous_91)
FN:438,(anonymous_92)
FN:451,(anonymous_93)
FN:454,(anonymous_94)
FN:463,(anonymous_95)
FN:466,(anonymous_96)
FN:473,(anonymous_97)
FN:479,(anonymous_98)
FN:486,(anonymous_99)
FN:502,(anonymous_100)
FN:512,(anonymous_101)
FN:514,(anonymous_102)
FN:526,(anonymous_103)
FN:539,(anonymous_104)
FN:543,onClick
FN:547,(anonymous_106)
FNF:107
FNH:0
FNDA:0,_regeneratorRuntime
FNDA:0,_regeneratorRuntime
FNDA:0,(anonymous_2)
FNDA:0,define
FNDA:0,define
FNDA:0,wrap
FNDA:0,tryCatch
FNDA:0,Generator
FNDA:0,GeneratorFunction
FNDA:0,GeneratorFunctionPrototype
FNDA:0,(anonymous_10)
FNDA:0,defineIteratorMethods
FNDA:0,(anonymous_12)
FNDA:0,(anonymous_13)
FNDA:0,AsyncIterator
FNDA:0,invoke
FNDA:0,(anonymous_16)
FNDA:0,(anonymous_17)
FNDA:0,(anonymous_18)
FNDA:0,(anonymous_19)
FNDA:0,value
FNDA:0,callInvokeWithMethodAndArg
FNDA:0,(anonymous_22)
FNDA:0,makeInvokeMethod
FNDA:0,(anonymous_24)
FNDA:0,maybeInvokeDelegate
FNDA:0,pushTryEntry
FNDA:0,resetTryEntry
FNDA:0,Context
FNDA:0,values
FNDA:0,next
FNDA:0,(anonymous_31)
FNDA:0,(anonymous_32)
FNDA:0,(anonymous_33)
FNDA:0,(anonymous_34)
FNDA:0,(anonymous_35)
FNDA:0,(anonymous_36)
FNDA:0,(anonymous_37)
FNDA:0,(anonymous_38)
FNDA:0,(anonymous_39)
FNDA:0,next
FNDA:0,reset
FNDA:0,stop
FNDA:0,dispatchException
FNDA:0,handle
FNDA:0,abrupt
FNDA:0,complete
FNDA:0,finish
FNDA:0,_catch
FNDA:0,delegateYield
FNDA:0,asyncGeneratorStep
FNDA:0,_asyncToGenerator
FNDA:0,(anonymous_52)
FNDA:0,(anonymous_53)
FNDA:0,_next
FNDA:0,_throw
FNDA:0,setup
FNDA:0,(anonymous_57)
FNDA:0,_callee
FNDA:0,fetchExportHistory
FNDA:0,(anonymous_60)
FNDA:0,_callee2
FNDA:0,exportData
FNDA:0,resetForm
FNDA:0,downloadReport
FNDA:0,getFormatLabel
FNDA:0,formatDate
FNDA:0,(anonymous_67)
FNDA:0,render
FNDA:0,(anonymous_69)
FNDA:0,(anonymous_70)
FNDA:0,(anonymous_71)
FNDA:0,(anonymous_72)
FNDA:0,(anonymous_73)
FNDA:0,(anonymous_74)
FNDA:0,(anonymous_75)
FNDA:0,(anonymous_76)
FNDA:0,(anonymous_77)
FNDA:0,(anonymous_78)
FNDA:0,(anonymous_79)
FNDA:0,(anonymous_80)
FNDA:0,(anonymous_81)
FNDA:0,(anonymous_82)
FNDA:0,(anonymous_83)
FNDA:0,(anonymous_84)
FNDA:0,(anonymous_85)
FNDA:0,(anonymous_86)
FNDA:0,(anonymous_87)
FNDA:0,(anonymous_88)
FNDA:0,(anonymous_89)
FNDA:0,(anonymous_90)
FNDA:0,(anonymous_91)
FNDA:0,(anonymous_92)
FNDA:0,(anonymous_93)
FNDA:0,(anonymous_94)
FNDA:0,(anonymous_95)
FNDA:0,(anonymous_96)
FNDA:0,(anonymous_97)
FNDA:0,(anonymous_98)
FNDA:0,(anonymous_99)
FNDA:0,(anonymous_100)
FNDA:0,(anonymous_101)
FNDA:0,(anonymous_102)
FNDA:0,(anonymous_103)
FNDA:0,(anonymous_104)
FNDA:0,onClick
FNDA:0,(anonymous_106)
DA:2,0
DA:3,0
DA:4,0
DA:12,0
DA:23,0
DA:35,0
DA:38,0
DA:43,0
DA:44,0
DA:101,0
DA:102,0
DA:109,0
DA:110,0
DA:184,0
DA:185,0
DA:190,0
DA:191,0
DA:192,0
DA:193,0
DA:194,0
DA:195,0
DA:196,0
DA:197,0
DA:201,0
DA:205,0
DA:211,0
DA:212,0
DA:218,0
DA:222,0
DA:223,0
DA:224,0
DA:225,0
DA:235,0
DA:236,0
DA:238,0
DA:251,0
DA:253,0
DA:256,0
DA:257,0
DA:258,0
DA:261,0
DA:265,0
DA:266,0
DA:267,0
DA:268,0
DA:269,0
DA:270,0
DA:271,0
DA:272,0
DA:273,0
DA:274,0
DA:275,0
DA:276,0
DA:277,0
DA:278,0
DA:279,0
DA:280,0
DA:289,0
DA:294,0
DA:297,0
DA:308,0
DA:311,0
DA:327,0
DA:330,0
DA:338,0
DA:339,0
DA:355,0
DA:358,0
DA:362,0
DA:366,0
DA:373,0
DA:380,0
DA:387,0
DA:400,0
DA:403,0
DA:407,0
DA:411,0
DA:418,0
DA:425,0
DA:432,0
DA:439,0
DA:452,0
DA:455,0
DA:464,0
DA:467,0
DA:474,0
DA:480,0
DA:487,0
DA:503,0
DA:513,0
DA:515,0
DA:527,0
DA:540,0
DA:544,0
DA:548,0
DA:558,0
LF:96
LH:0
BRDA:2,0,0,0
BRDA:2,0,1,0
BRDA:2,1,0,0
BRDA:2,1,1,0
BRDA:2,2,0,0
BRDA:2,2,1,0
BRDA:2,3,0,0
BRDA:2,3,1,0
BRDA:2,4,0,0
BRDA:2,4,1,0
BRDA:2,5,0,0
BRDA:2,5,1,0
BRDA:2,6,0,0
BRDA:2,6,1,0
BRDA:2,7,0,0
BRDA:2,7,1,0
BRDA:2,8,0,0
BRDA:2,8,1,0
BRDA:2,9,0,0
BRDA:2,9,1,0
BRDA:2,9,2,0
BRDA:2,9,3,0
BRDA:2,10,0,0
BRDA:2,10,1,0
BRDA:2,11,0,0
BRDA:2,11,1,0
BRDA:2,12,0,0
BRDA:2,12,1,0
BRDA:2,12,2,0
BRDA:2,13,0,0
BRDA:2,13,1,0
BRDA:2,14,0,0
BRDA:2,14,1,0
BRDA:2,15,0,0
BRDA:2,15,1,0
BRDA:2,16,0,0
BRDA:2,16,1,0
BRDA:2,17,0,0
BRDA:2,17,1,0
BRDA:2,18,0,0
BRDA:2,18,1,0
BRDA:2,19,0,0
BRDA:2,19,1,0
BRDA:2,20,0,0
BRDA:2,20,1,0
BRDA:2,21,0,0
BRDA:2,21,1,0
BRDA:2,22,0,0
BRDA:2,22,1,0
BRDA:2,23,0,0
BRDA:2,23,1,0
BRDA:2,24,0,0
BRDA:2,24,1,0
BRDA:2,25,0,0
BRDA:2,25,1,0
BRDA:2,26,0,0
BRDA:2,26,1,0
BRDA:2,27,0,0
BRDA:2,27,1,0
BRDA:2,28,0,0
BRDA:2,28,1,0
BRDA:2,29,0,0
BRDA:2,29,1,0
BRDA:2,29,2,0
BRDA:2,29,3,0
BRDA:2,29,4,0
BRDA:2,30,0,0
BRDA:2,30,1,0
BRDA:2,31,0,0
BRDA:2,31,1,0
BRDA:2,32,0,0
BRDA:2,32,1,0
BRDA:2,33,0,0
BRDA:2,33,1,0
BRDA:2,34,0,0
BRDA:2,34,1,0
BRDA:2,35,0,0
BRDA:2,35,1,0
BRDA:2,36,0,0
BRDA:2,36,1,0
BRDA:2,37,0,0
BRDA:2,37,1,0
BRDA:2,38,0,0
BRDA:2,38,1,0
BRDA:2,39,0,0
BRDA:2,39,1,0
BRDA:2,40,0,0
BRDA:2,40,1,0
BRDA:2,41,0,0
BRDA:2,41,1,0
BRDA:2,42,0,0
BRDA:2,42,1,0
BRDA:2,43,0,0
BRDA:2,43,1,0
BRDA:2,44,0,0
BRDA:2,44,1,0
BRDA:2,44,2,0
BRDA:2,45,0,0
BRDA:2,45,1,0
BRDA:2,46,0,0
BRDA:2,46,1,0
BRDA:2,47,0,0
BRDA:2,47,1,0
BRDA:2,48,0,0
BRDA:2,48,1,0
BRDA:2,49,0,0
BRDA:2,49,1,0
BRDA:2,50,0,0
BRDA:2,50,1,0
BRDA:2,51,0,0
BRDA:2,51,1,0
BRDA:2,52,0,0
BRDA:2,52,1,0
BRDA:2,52,2,0
BRDA:2,52,3,0
BRDA:2,53,0,0
BRDA:2,53,1,0
BRDA:2,54,0,0
BRDA:2,54,1,0
BRDA:2,55,0,0
BRDA:2,55,1,0
BRDA:2,56,0,0
BRDA:2,56,1,0
BRDA:2,57,0,0
BRDA:2,57,1,0
BRDA:2,58,0,0
BRDA:2,58,1,0
BRDA:2,59,0,0
BRDA:2,59,1,0
BRDA:2,60,0,0
BRDA:2,60,1,0
BRDA:2,61,0,0
BRDA:2,61,1,0
BRDA:2,62,0,0
BRDA:2,62,1,0
BRDA:2,63,0,0
BRDA:2,63,1,0
BRDA:2,64,0,0
BRDA:2,64,1,0
BRDA:2,65,0,0
BRDA:2,65,1,0
BRDA:2,66,0,0
BRDA:2,66,1,0
BRDA:2,67,0,0
BRDA:2,67,1,0
BRDA:2,67,2,0
BRDA:2,68,0,0
BRDA:2,68,1,0
BRDA:2,68,2,0
BRDA:2,68,3,0
BRDA:2,68,4,0
BRDA:2,68,5,0
BRDA:2,69,0,0
BRDA:2,69,1,0
BRDA:2,70,0,0
BRDA:2,70,1,0
BRDA:2,71,0,0
BRDA:2,71,1,0
BRDA:2,72,0,0
BRDA:2,72,1,0
BRDA:2,73,0,0
BRDA:2,73,1,0
BRDA:2,74,0,0
BRDA:2,74,1,0
BRDA:2,75,0,0
BRDA:2,75,1,0
BRDA:2,75,2,0
BRDA:2,76,0,0
BRDA:2,76,1,0
BRDA:2,77,0,0
BRDA:2,77,1,0
BRDA:2,78,0,0
BRDA:2,78,1,0
BRDA:2,79,0,0
BRDA:2,79,1,0
BRDA:3,80,0,0
BRDA:3,80,1,0
BRDA:218,81,0,0
BRDA:218,81,1,0
BRDA:223,82,0,0
BRDA:223,82,1,0
BRDA:280,83,0,0
BRDA:280,83,1,0
BRDA:296,84,0,0
BRDA:296,84,1,0
BRDA:310,85,0,0
BRDA:310,85,1,0
BRDA:329,86,0,0
BRDA:329,86,1,0
BRDA:357,87,0,0
BRDA:357,87,1,0
BRDA:366,88,0,0
BRDA:366,88,1,0
BRDA:373,89,0,0
BRDA:373,89,1,0
BRDA:380,90,0,0
BRDA:380,90,1,0
BRDA:387,91,0,0
BRDA:387,91,1,0
BRDA:402,92,0,0
BRDA:402,92,1,0
BRDA:411,93,0,0
BRDA:411,93,1,0
BRDA:418,94,0,0
BRDA:418,94,1,0
BRDA:425,95,0,0
BRDA:425,95,1,0
BRDA:432,96,0,0
BRDA:432,96,1,0
BRDA:439,97,0,0
BRDA:439,97,1,0
BRDA:454,98,0,0
BRDA:454,98,1,0
BRDA:466,99,0,0
BRDA:466,99,1,0
BRDA:480,100,0,0
BRDA:480,100,1,0
BRDA:487,101,0,0
BRDA:487,101,1,0
BRDA:496,102,0,0
BRDA:496,102,1,0
BRDA:548,103,0,0
BRDA:548,103,1,0
BRF:223
BRH:0
end_of_record
TN:
SF:src/components/analytics/RecruitmentFunnelChart.vue
FN:2,_regeneratorRuntime
FN:2,_regeneratorRuntime
FN:2,(anonymous_2)
FN:2,define
FN:2,define
FN:2,wrap
FN:2,tryCatch
FN:2,Generator
FN:2,GeneratorFunction
FN:2,GeneratorFunctionPrototype
FN:2,(anonymous_10)
FN:2,defineIteratorMethods
FN:2,(anonymous_12)
FN:2,(anonymous_13)
FN:2,AsyncIterator
FN:2,invoke
FN:2,(anonymous_16)
FN:2,(anonymous_17)
FN:2,(anonymous_18)
FN:2,(anonymous_19)
FN:2,value
FN:2,callInvokeWithMethodAndArg
FN:2,(anonymous_22)
FN:2,makeInvokeMethod
FN:2,(anonymous_24)
FN:2,maybeInvokeDelegate
FN:2,pushTryEntry
FN:2,resetTryEntry
FN:2,Context
FN:2,values
FN:2,next
FN:2,(anonymous_31)
FN:2,(anonymous_32)
FN:2,(anonymous_33)
FN:2,(anonymous_34)
FN:2,(anonymous_35)
FN:2,(anonymous_36)
FN:2,(anonymous_37)
FN:2,(anonymous_38)
FN:2,(anonymous_39)
FN:2,next
FN:2,reset
FN:2,stop
FN:2,dispatchException
FN:2,handle
FN:2,abrupt
FN:2,complete
FN:2,finish
FN:2,_catch
FN:2,delegateYield
FN:3,asyncGeneratorStep
FN:4,_asyncToGenerator
FN:4,(anonymous_52)
FN:4,(anonymous_53)
FN:4,_next
FN:4,_throw
FN:24,setup
FN:54,initChart
FN:68,handleResize
FN:77,(anonymous_59)
FN:80,_callee
FN:130,fetchData
FN:136,updateChart
FN:140,(anonymous_63)
FN:162,(anonymous_64)
FN:210,calculateConversionRate
FN:219,(anonymous_66)
FN:224,(anonymous_67)
FN:229,(anonymous_68)
FN:234,(anonymous_69)
FN:292,render
FN:298,(anonymous_71)
FN:305,(anonymous_72)
FN:326,(anonymous_73)
FN:334,(anonymous_74)
FN:335,(anonymous_75)
FN:344,(anonymous_76)
FNF:77
FNH:0
FNDA:0,_regeneratorRuntime
FNDA:0,_regeneratorRuntime
FNDA:0,(anonymous_2)
FNDA:0,define
FNDA:0,define
FNDA:0,wrap
FNDA:0,tryCatch
FNDA:0,Generator
FNDA:0,GeneratorFunction
FNDA:0,GeneratorFunctionPrototype
FNDA:0,(anonymous_10)
FNDA:0,defineIteratorMethods
FNDA:0,(anonymous_12)
FNDA:0,(anonymous_13)
FNDA:0,AsyncIterator
FNDA:0,invoke
FNDA:0,(anonymous_16)
FNDA:0,(anonymous_17)
FNDA:0,(anonymous_18)
FNDA:0,(anonymous_19)
FNDA:0,value
FNDA:0,callInvokeWithMethodAndArg
FNDA:0,(anonymous_22)
FNDA:0,makeInvokeMethod
FNDA:0,(anonymous_24)
FNDA:0,maybeInvokeDelegate
FNDA:0,pushTryEntry
FNDA:0,resetTryEntry
FNDA:0,Context
FNDA:0,values
FNDA:0,next
FNDA:0,(anonymous_31)
FNDA:0,(anonymous_32)
FNDA:0,(anonymous_33)
FNDA:0,(anonymous_34)
FNDA:0,(anonymous_35)
FNDA:0,(anonymous_36)
FNDA:0,(anonymous_37)
FNDA:0,(anonymous_38)
FNDA:0,(anonymous_39)
FNDA:0,next
FNDA:0,reset
FNDA:0,stop
FNDA:0,dispatchException
FNDA:0,handle
FNDA:0,abrupt
FNDA:0,complete
FNDA:0,finish
FNDA:0,_catch
FNDA:0,delegateYield
FNDA:0,asyncGeneratorStep
FNDA:0,_asyncToGenerator
FNDA:0,(anonymous_52)
FNDA:0,(anonymous_53)
FNDA:0,_next
FNDA:0,_throw
FNDA:0,setup
FNDA:0,initChart
FNDA:0,handleResize
FNDA:0,(anonymous_59)
FNDA:0,_callee
FNDA:0,fetchData
FNDA:0,updateChart
FNDA:0,(anonymous_63)
FNDA:0,(anonymous_64)
FNDA:0,calculateConversionRate
FNDA:0,(anonymous_66)
FNDA:0,(anonymous_67)
FNDA:0,(anonymous_68)
FNDA:0,(anonymous_69)
FNDA:0,render
FNDA:0,(anonymous_71)
FNDA:0,(anonymous_72)
FNDA:0,(anonymous_73)
FNDA:0,(anonymous_74)
FNDA:0,(anonymous_75)
FNDA:0,(anonymous_76)
DA:2,0
DA:3,0
DA:4,0
DA:26,0
DA:27,0
DA:30,0
DA:33,0
DA:36,0
DA:39,0
DA:51,0
DA:54,0
DA:55,0
DA:58,0
DA:61,0
DA:64,0
DA:68,0
DA:69,0
DA:70,0
DA:77,0
DA:78,0
DA:130,0
DA:131,0
DA:136,0
DA:137,0
DA:140,0
DA:150,0
DA:206,0
DA:210,0
DA:211,0
DA:212,0
DA:213,0
DA:214,0
DA:215,0
DA:219,0
DA:220,0
DA:224,0
DA:225,0
DA:229,0
DA:230,0
DA:234,0
DA:235,0
DA:236,0
DA:237,0
DA:239,0
DA:241,0
DA:253,0
DA:255,0
DA:258,0
DA:259,0
DA:260,0
DA:263,0
DA:266,0
DA:269,0
DA:272,0
DA:276,0
DA:279,0
DA:282,0
DA:285,0
DA:288,0
DA:293,0
DA:294,0
DA:295,0
DA:296,0
DA:299,0
DA:306,0
DA:327,0
DA:335,0
DA:336,0
DA:345,0
DA:350,0
LF:70
LH:0
BRDA:2,0,0,0
BRDA:2,0,1,0
BRDA:2,1,0,0
BRDA:2,1,1,0
BRDA:2,2,0,0
BRDA:2,2,1,0
BRDA:2,3,0,0
BRDA:2,3,1,0
BRDA:2,4,0,0
BRDA:2,4,1,0
BRDA:2,5,0,0
BRDA:2,5,1,0
BRDA:2,6,0,0
BRDA:2,6,1,0
BRDA:2,7,0,0
BRDA:2,7,1,0
BRDA:2,8,0,0
BRDA:2,8,1,0
BRDA:2,9,0,0
BRDA:2,9,1,0
BRDA:2,9,2,0
BRDA:2,9,3,0
BRDA:2,10,0,0
BRDA:2,10,1,0
BRDA:2,11,0,0
BRDA:2,11,1,0
BRDA:2,12,0,0
BRDA:2,12,1,0
BRDA:2,12,2,0
BRDA:2,13,0,0
BRDA:2,13,1,0
BRDA:2,14,0,0
BRDA:2,14,1,0
BRDA:2,15,0,0
BRDA:2,15,1,0
BRDA:2,16,0,0
BRDA:2,16,1,0
BRDA:2,17,0,0
BRDA:2,17,1,0
BRDA:2,18,0,0
BRDA:2,18,1,0
BRDA:2,19,0,0
BRDA:2,19,1,0
BRDA:2,20,0,0
BRDA:2,20,1,0
BRDA:2,21,0,0
BRDA:2,21,1,0
BRDA:2,22,0,0
BRDA:2,22,1,0
BRDA:2,23,0,0
BRDA:2,23,1,0
BRDA:2,24,0,0
BRDA:2,24,1,0
BRDA:2,25,0,0
BRDA:2,25,1,0
BRDA:2,26,0,0
BRDA:2,26,1,0
BRDA:2,27,0,0
BRDA:2,27,1,0
BRDA:2,28,0,0
BRDA:2,28,1,0
BRDA:2,29,0,0
BRDA:2,29,1,0
BRDA:2,29,2,0
BRDA:2,29,3,0
BRDA:2,29,4,0
BRDA:2,30,0,0
BRDA:2,30,1,0
BRDA:2,31,0,0
BRDA:2,31,1,0
BRDA:2,32,0,0
BRDA:2,32,1,0
BRDA:2,33,0,0
BRDA:2,33,1,0
BRDA:2,34,0,0
BRDA:2,34,1,0
BRDA:2,35,0,0
BRDA:2,35,1,0
BRDA:2,36,0,0
BRDA:2,36,1,0
BRDA:2,37,0,0
BRDA:2,37,1,0
BRDA:2,38,0,0
BRDA:2,38,1,0
BRDA:2,39,0,0
BRDA:2,39,1,0
BRDA:2,40,0,0
BRDA:2,40,1,0
BRDA:2,41,0,0
BRDA:2,41,1,0
BRDA:2,42,0,0
BRDA:2,42,1,0
BRDA:2,43,0,0
BRDA:2,43,1,0
BRDA:2,44,0,0
BRDA:2,44,1,0
BRDA:2,44,2,0
BRDA:2,45,0,0
BRDA:2,45,1,0
BRDA:2,46,0,0
BRDA:2,46,1,0
BRDA:2,47,0,0
BRDA:2,47,1,0
BRDA:2,48,0,0
BRDA:2,48,1,0
BRDA:2,49,0,0
BRDA:2,49,1,0
BRDA:2,50,0,0
BRDA:2,50,1,0
BRDA:2,51,0,0
BRDA:2,51,1,0
BRDA:2,52,0,0
BRDA:2,52,1,0
BRDA:2,52,2,0
BRDA:2,52,3,0
BRDA:2,53,0,0
BRDA:2,53,1,0
BRDA:2,54,0,0
BRDA:2,54,1,0
BRDA:2,55,0,0
BRDA:2,55,1,0
BRDA:2,56,0,0
BRDA:2,56,1,0
BRDA:2,57,0,0
BRDA:2,57,1,0
BRDA:2,58,0,0
BRDA:2,58,1,0
BRDA:2,59,0,0
BRDA:2,59,1,0
BRDA:2,60,0,0
BRDA:2,60,1,0
BRDA:2,61,0,0
BRDA:2,61,1,0
BRDA:2,62,0,0
BRDA:2,62,1,0
BRDA:2,63,0,0
BRDA:2,63,1,0
BRDA:2,64,0,0
BRDA:2,64,1,0
BRDA:2,65,0,0
BRDA:2,65,1,0
BRDA:2,66,0,0
BRDA:2,66,1,0
BRDA:2,67,0,0
BRDA:2,67,1,0
BRDA:2,67,2,0
BRDA:2,68,0,0
BRDA:2,68,1,0
BRDA:2,68,2,0
BRDA:2,68,3,0
BRDA:2,68,4,0
BRDA:2,68,5,0
BRDA:2,69,0,0
BRDA:2,69,1,0
BRDA:2,70,0,0
BRDA:2,70,1,0
BRDA:2,71,0,0
BRDA:2,71,1,0
BRDA:2,72,0,0
BRDA:2,72,1,0
BRDA:2,73,0,0
BRDA:2,73,1,0
BRDA:2,74,0,0
BRDA:2,74,1,0
BRDA:2,75,0,0
BRDA:2,75,1,0
BRDA:2,75,2,0
BRDA:2,76,0,0
BRDA:2,76,1,0
BRDA:2,77,0,0
BRDA:2,77,1,0
BRDA:2,78,0,0
BRDA:2,78,1,0
BRDA:2,79,0,0
BRDA:2,79,1,0
BRDA:3,80,0,0
BRDA:3,80,1,0
BRDA:55,81,0,0
BRDA:55,81,1,0
BRDA:69,82,0,0
BRDA:69,82,1,0
BRDA:137,83,0,0
BRDA:137,83,1,0
BRDA:137,84,0,0
BRDA:137,84,1,0
BRDA:211,85,0,0
BRDA:211,85,1,0
BRDA:211,86,0,0
BRDA:211,86,1,0
BRDA:211,86,2,0
BRDA:214,87,0,0
BRDA:214,87,1,0
BRDA:235,88,0,0
BRDA:235,88,1,0
BRDA:296,89,0,0
BRDA:296,89,1,0
BRDA:298,90,0,0
BRDA:298,90,1,0
BRDA:326,91,0,0
BRDA:326,91,1,0
BRDA:348,92,0,0
BRDA:348,92,1,0
BRF:202
BRH:0
end_of_record
TN:
SF:src/components/common/EmptyState.vue
FN:38,render
FN:40,(anonymous_1)
FNF:2
FNH:0
FNDA:0,render
FNDA:0,(anonymous_1)
DA:21,0
DA:23,0
DA:26,0
DA:27,0
DA:28,0
DA:31,0
DA:34,0
DA:39,0
DA:40,0
DA:41,0
DA:47,0
LF:11
LH:0
BRDA:46,0,0,0
BRDA:46,0,1,0
BRF:2
BRH:0
end_of_record
TN:
SF:src/components/common/ErrorMessage.vue
FN:23,validator
FN:46,data
FN:53,handleClose
FN:59,show
FN:69,(anonymous_4)
FN:76,beforeUnmount
FN:90,render
FNF:7
FNH:0
FNDA:0,validator
FNDA:0,data
FNDA:0,handleClose
FNDA:0,show
FNDA:0,(anonymous_4)
FNDA:0,beforeUnmount
FNDA:0,render
DA:47,0
DA:54,0
DA:62,0
DA:64,0
DA:65,0
DA:69,0
DA:70,0
DA:78,0
DA:79,0
DA:83,0
DA:85,0
DA:88,0
DA:89,0
DA:91,0
DA:92,0
DA:105,0
LF:16
LH:0
BRDA:62,0,0,0
BRDA:62,0,1,0
BRDA:62,1,0,0
BRDA:62,1,1,0
BRDA:64,2,0,0
BRDA:64,2,1,0
BRDA:78,3,0,0
BRDA:78,3,1,0
BRDA:92,4,0,0
BRDA:92,4,1,0
BRF:10
BRH:0
end_of_record
TN:
SF:src/components/common/Header.vue
FN:4,data
FN:22,handleSearch
FN:31,handleCommand
FN:46,handleLogout
FN:54,updateBreadcrumbs
FN:59,(anonymous_5)
FN:76,$route
FN:81,mounted
FN:117,render
FN:128,(anonymous_9)
FN:129,(anonymous_10)
FN:134,(anonymous_11)
FN:144,(anonymous_12)
FN:155,(anonymous_13)
FN:157,(anonymous_14)
FN:161,(anonymous_15)
FN:168,(anonymous_16)
FN:176,(anonymous_17)
FN:185,(anonymous_18)
FNF:19
FNH:0
FNDA:0,data
FNDA:0,handleSearch
FNDA:0,handleCommand
FNDA:0,handleLogout
FNDA:0,updateBreadcrumbs
FNDA:0,(anonymous_5)
FNDA:0,$route
FNDA:0,mounted
FNDA:0,render
FNDA:0,(anonymous_9)
FNDA:0,(anonymous_10)
FNDA:0,(anonymous_11)
FNDA:0,(anonymous_12)
FNDA:0,(anonymous_13)
FNDA:0,(anonymous_14)
FNDA:0,(anonymous_15)
FNDA:0,(anonymous_16)
FNDA:0,(anonymous_17)
FNDA:0,(anonymous_18)
DA:5,0
DA:23,0
DA:24,0
DA:26,0
DA:32,0
DA:34,0
DA:35,0
DA:37,0
DA:38,0
DA:40,0
DA:41,0
DA:50,0
DA:58,0
DA:59,0
DA:60,0
DA:66,0
DA:77,0
DA:83,0
DA:86,0
DA:88,0
DA:91,0
DA:92,0
DA:93,0
DA:96,0
DA:99,0
DA:102,0
DA:105,0
DA:108,0
DA:111,0
DA:114,0
DA:118,0
DA:119,0
DA:120,0
DA:121,0
DA:122,0
DA:123,0
DA:124,0
DA:125,0
DA:129,0
DA:130,0
DA:135,0
DA:145,0
DA:156,0
DA:158,0
DA:162,0
DA:169,0
DA:177,0
DA:186,0
DA:195,0
LF:49
LH:0
BRDA:23,0,0,0
BRDA:23,0,1,0
BRDA:32,1,0,0
BRDA:32,1,1,0
BRDA:32,1,2,0
BRDA:58,2,0,0
BRDA:58,2,1,0
BRDA:61,3,0,0
BRDA:61,3,1,0
BRDA:144,4,0,0
BRDA:144,4,1,0
BRDA:162,5,0,0
BRDA:162,5,1,0
BRDA:169,6,0,0
BRDA:169,6,1,0
BRDA:177,7,0,0
BRDA:177,7,1,0
BRDA:189,8,0,0
BRDA:189,8,1,0
BRF:19
BRH:0
end_of_record
TN:
SF:src/components/common/Loader.vue
FN:33,render
FN:39,(anonymous_1)
FNF:2
FNH:0
FNDA:0,render
FNDA:0,(anonymous_1)
DA:16,0
DA:18,0
DA:21,0
DA:22,0
DA:23,0
DA:27,0
DA:30,0
DA:34,0
DA:35,0
DA:36,0
DA:40,0
DA:44,0
LF:12
LH:0
BRDA:36,0,0,0
BRDA:36,0,1,0
BRF:2
BRH:0
end_of_record
TN:
SF:src/components/common/Navigation.vue
FN:4,data
FN:46,handleSelect
FN:47,(anonymous_2)
FN:57,toggleCollapse
FN:70,_interopRequireDefault
FN:74,render
FN:96,(anonymous_6)
FN:100,(anonymous_7)
FN:102,(anonymous_8)
FN:108,(anonymous_9)
FN:112,(anonymous_10)
FN:119,(anonymous_11)
FN:126,(anonymous_12)
FN:136,(anonymous_13)
FN:138,(anonymous_14)
FN:144,(anonymous_15)
FN:148,(anonymous_16)
FN:155,(anonymous_17)
FN:162,(anonymous_18)
FN:172,(anonymous_19)
FN:174,(anonymous_20)
FN:180,(anonymous_21)
FN:184,(anonymous_22)
FN:191,(anonymous_23)
FN:201,(anonymous_24)
FN:203,(anonymous_25)
FN:209,(anonymous_26)
FN:213,(anonymous_27)
FN:220,(anonymous_28)
FN:227,(anonymous_29)
FN:239,(anonymous_30)
FN:245,(anonymous_31)
FN:252,(anonymous_32)
FNF:33
FNH:0
FNDA:0,data
FNDA:0,handleSelect
FNDA:0,(anonymous_2)
FNDA:0,toggleCollapse
FNDA:0,_interopRequireDefault
FNDA:0,render
FNDA:0,(anonymous_6)
FNDA:0,(anonymous_7)
FNDA:0,(anonymous_8)
FNDA:0,(anonymous_9)
FNDA:0,(anonymous_10)
FNDA:0,(anonymous_11)
FNDA:0,(anonymous_12)
FNDA:0,(anonymous_13)
FNDA:0,(anonymous_14)
FNDA:0,(anonymous_15)
FNDA:0,(anonymous_16)
FNDA:0,(anonymous_17)
FNDA:0,(anonymous_18)
FNDA:0,(anonymous_19)
FNDA:0,(anonymous_20)
FNDA:0,(anonymous_21)
FNDA:0,(anonymous_22)
FNDA:0,(anonymous_23)
FNDA:0,(anonymous_24)
FNDA:0,(anonymous_25)
FNDA:0,(anonymous_26)
FNDA:0,(anonymous_27)
FNDA:0,(anonymous_28)
FNDA:0,(anonymous_29)
FNDA:0,(anonymous_30)
FNDA:0,(anonymous_31)
FNDA:0,(anonymous_32)
DA:5,0
DA:47,0
DA:52,0
DA:53,0
DA:58,0
DA:62,0
DA:64,0
DA:67,0
DA:68,0
DA:69,0
DA:70,0
DA:71,0
DA:75,0
DA:76,0
DA:77,0
DA:78,0
DA:79,0
DA:80,0
DA:81,0
DA:82,0
DA:83,0
DA:84,0
DA:85,0
DA:97,0
DA:101,0
DA:103,0
DA:109,0
DA:113,0
DA:120,0
DA:127,0
DA:137,0
DA:139,0
DA:145,0
DA:149,0
DA:156,0
DA:163,0
DA:173,0
DA:175,0
DA:181,0
DA:185,0
DA:192,0
DA:202,0
DA:204,0
DA:210,0
DA:214,0
DA:221,0
DA:228,0
DA:240,0
DA:246,0
DA:253,0
DA:257,0
LF:51
LH:0
BRDA:52,0,0,0
BRDA:52,0,1,0
BRDA:70,1,0,0
BRDA:70,1,1,0
BRDA:70,2,0,0
BRDA:70,2,1,0
BRDA:85,3,0,0
BRDA:85,3,1,0
BRDA:106,4,0,0
BRDA:106,4,1,0
BRDA:113,5,0,0
BRDA:113,5,1,0
BRDA:120,6,0,0
BRDA:120,6,1,0
BRDA:127,7,0,0
BRDA:127,7,1,0
BRDA:142,8,0,0
BRDA:142,8,1,0
BRDA:149,9,0,0
BRDA:149,9,1,0
BRDA:156,10,0,0
BRDA:156,10,1,0
BRDA:163,11,0,0
BRDA:163,11,1,0
BRDA:178,12,0,0
BRDA:178,12,1,0
BRDA:185,13,0,0
BRDA:185,13,1,0
BRDA:192,14,0,0
BRDA:192,14,1,0
BRDA:207,15,0,0
BRDA:207,15,1,0
BRDA:214,16,0,0
BRDA:214,16,1,0
BRDA:221,17,0,0
BRDA:221,17,1,0
BRDA:228,18,0,0
BRDA:228,18,1,0
BRDA:239,19,0,0
BRDA:239,19,1,0
BRDA:240,20,0,0
BRDA:240,20,1,0
BRDA:242,21,0,0
BRDA:242,21,1,0
BRF:44
BRH:0
end_of_record
TN:
SF:src/components/common/TabBar.vue
FN:4,data
FN:13,addTab
FN:15,(anonymous_2)
FN:27,handleTabClick
FN:32,handleTabRemove
FN:41,(anonymous_5)
FN:58,(anonymous_6)
FN:66,updateTabsByRoute
FN:85,$route
FN:90,mounted
FN:105,render
FN:110,(anonymous_11)
FN:118,(anonymous_12)
FN:119,(anonymous_13)
FNF:14
FNH:0
FNDA:0,data
FNDA:0,addTab
FNDA:0,(anonymous_2)
FNDA:0,handleTabClick
FNDA:0,handleTabRemove
FNDA:0,(anonymous_5)
FNDA:0,(anonymous_6)
FNDA:0,updateTabsByRoute
FNDA:0,$route
FNDA:0,mounted
FNDA:0,render
FNDA:0,(anonymous_11)
FNDA:0,(anonymous_12)
FNDA:0,(anonymous_13)
DA:5,0
DA:15,0
DA:20,0
DA:21,0
DA:23,0
DA:28,0
DA:36,0
DA:37,0
DA:40,0
DA:41,0
DA:42,0
DA:43,0
DA:44,0
DA:45,0
DA:46,0
DA:49,0
DA:50,0
DA:57,0
DA:58,0
DA:74,0
DA:75,0
DA:86,0
DA:92,0
DA:95,0
DA:97,0
DA:100,0
DA:101,0
DA:102,0
DA:106,0
DA:107,0
DA:108,0
DA:111,0
DA:119,0
DA:120,0
DA:129,0
LF:35
LH:0
BRDA:20,0,0,0
BRDA:20,0,1,0
BRDA:40,1,0,0
BRDA:40,1,1,0
BRDA:42,2,0,0
BRDA:42,2,1,0
BRDA:43,3,0,0
BRDA:43,3,1,0
BRDA:44,4,0,0
BRDA:44,4,1,0
BRDA:74,5,0,0
BRDA:74,5,1,0
BRDA:74,6,0,0
BRDA:74,6,1,0
BRDA:110,7,0,0
BRDA:110,7,1,0
BRF:16
BRH:0
end_of_record
TN:
SF:src/components/job/JobDetail.vue
FN:2,_toConsumableArray
FN:3,_nonIterableSpread
FN:4,_unsupportedIterableToArray
FN:5,_iterableToArray
FN:6,_arrayWithoutHoles
FN:7,_arrayLikeToArray
FN:8,_regeneratorRuntime
FN:8,_regeneratorRuntime
FN:8,(anonymous_8)
FN:8,define
FN:8,define
FN:8,wrap
FN:8,tryCatch
FN:8,Generator
FN:8,GeneratorFunction
FN:8,GeneratorFunctionPrototype
FN:8,(anonymous_16)
FN:8,defineIteratorMethods
FN:8,(anonymous_18)
FN:8,(anonymous_19)
FN:8,AsyncIterator
FN:8,invoke
FN:8,(anonymous_22)
FN:8,(anonymous_23)
FN:8,(anonymous_24)
FN:8,(anonymous_25)
FN:8,value
FN:8,callInvokeWithMethodAndArg
FN:8,(anonymous_28)
FN:8,makeInvokeMethod
FN:8,(anonymous_30)
FN:8,maybeInvokeDelegate
FN:8,pushTryEntry
FN:8,resetTryEntry
FN:8,Context
FN:8,values
FN:8,next
FN:8,(anonymous_37)
FN:8,(anonymous_38)
FN:8,(anonymous_39)
FN:8,(anonymous_40)
FN:8,(anonymous_41)
FN:8,(anonymous_42)
FN:8,(anonymous_43)
FN:8,(anonymous_44)
FN:8,(anonymous_45)
FN:8,next
FN:8,reset
FN:8,stop
FN:8,dispatchException
FN:8,handle
FN:8,abrupt
FN:8,complete
FN:8,finish
FN:8,_catch
FN:8,delegateYield
FN:9,asyncGeneratorStep
FN:10,_asyncToGenerator
FN:10,(anonymous_58)
FN:10,(anonymous_59)
FN:10,_next
FN:10,_throw
FN:24,setup
FN:61,(anonymous_63)
FN:64,_callee
FN:124,fetchJobDetail
FN:132,(anonymous_66)
FN:135,_callee2
FN:187,fetchMatchedResumes
FN:193,handleEdit
FN:197,(anonymous_70)
FN:214,showTagInput
FN:216,(anonymous_72)
FN:222,addTag
FN:231,removeTag
FN:238,(anonymous_75)
FN:241,_callee3
FN:285,saveEdit
FN:291,handleMatch
FN:302,handleDelete
FN:310,(anonymous_80)
FN:313,_callee4
FN:363,confirmDelete
FN:369,viewResume
FN:374,formatDate
FN:387,formatRequirements
FN:406,getMatchScoreColor
FN:413,(anonymous_87)
FN:417,(anonymous_88)
FN:524,render
FN:547,(anonymous_90)
FN:555,(anonymous_91)
FN:563,(anonymous_92)
FN:571,(anonymous_93)
FN:575,(anonymous_94)
FN:582,(anonymous_95)
FN:589,(anonymous_96)
FN:596,(anonymous_97)
FN:603,(anonymous_98)
FN:608,(anonymous_99)
FN:613,(anonymous_100)
FN:623,(anonymous_101)
FN:633,(anonymous_102)
FN:647,(anonymous_103)
FN:651,onClick
FN:655,(anonymous_105)
FN:667,(anonymous_106)
FN:673,(anonymous_107)
FN:675,(anonymous_108)
FN:679,(anonymous_109)
FN:688,(anonymous_110)
FN:694,(anonymous_111)
FN:700,(anonymous_112)
FN:706,(anonymous_113)
FN:708,(anonymous_114)
FN:712,(anonymous_115)
FN:721,(anonymous_116)
FN:727,(anonymous_117)
FN:732,(anonymous_118)
FN:736,(anonymous_119)
FN:739,(anonymous_120)
FN:748,(anonymous_121)
FN:751,(anonymous_122)
FN:760,(anonymous_123)
FN:764,(anonymous_124)
FN:774,(anonymous_125)
FN:778,(anonymous_126)
FN:788,(anonymous_127)
FN:791,(anonymous_128)
FN:800,(anonymous_129)
FN:803,(anonymous_130)
FN:812,(anonymous_131)
FN:813,(anonymous_132)
FN:818,onClose
FN:822,(anonymous_134)
FN:831,(anonymous_135)
FN:844,(anonymous_136)
FNF:137
FNH:0
FNDA:0,_toConsumableArray
FNDA:0,_nonIterableSpread
FNDA:0,_unsupportedIterableToArray
FNDA:0,_iterableToArray
FNDA:0,_arrayWithoutHoles
FNDA:0,_arrayLikeToArray
FNDA:0,_regeneratorRuntime
FNDA:0,_regeneratorRuntime
FNDA:0,(anonymous_8)
FNDA:0,define
FNDA:0,define
FNDA:0,wrap
FNDA:0,tryCatch
FNDA:0,Generator
FNDA:0,GeneratorFunction
FNDA:0,GeneratorFunctionPrototype
FNDA:0,(anonymous_16)
FNDA:0,defineIteratorMethods
FNDA:0,(anonymous_18)
FNDA:0,(anonymous_19)
FNDA:0,AsyncIterator
FNDA:0,invoke
FNDA:0,(anonymous_22)
FNDA:0,(anonymous_23)
FNDA:0,(anonymous_24)
FNDA:0,(anonymous_25)
FNDA:0,value
FNDA:0,callInvokeWithMethodAndArg
FNDA:0,(anonymous_28)
FNDA:0,makeInvokeMethod
FNDA:0,(anonymous_30)
FNDA:0,maybeInvokeDelegate
FNDA:0,pushTryEntry
FNDA:0,resetTryEntry
FNDA:0,Context
FNDA:0,values
FNDA:0,next
FNDA:0,(anonymous_37)
FNDA:0,(anonymous_38)
FNDA:0,(anonymous_39)
FNDA:0,(anonymous_40)
FNDA:0,(anonymous_41)
FNDA:0,(anonymous_42)
FNDA:0,(anonymous_43)
FNDA:0,(anonymous_44)
FNDA:0,(anonymous_45)
FNDA:0,next
FNDA:0,reset
FNDA:0,stop
FNDA:0,dispatchException
FNDA:0,handle
FNDA:0,abrupt
FNDA:0,complete
FNDA:0,finish
FNDA:0,_catch
FNDA:0,delegateYield
FNDA:0,asyncGeneratorStep
FNDA:0,_asyncToGenerator
FNDA:0,(anonymous_58)
FNDA:0,(anonymous_59)
FNDA:0,_next
FNDA:0,_throw
FNDA:0,setup
FNDA:0,(anonymous_63)
FNDA:0,_callee
FNDA:0,fetchJobDetail
FNDA:0,(anonymous_66)
FNDA:0,_callee2
FNDA:0,fetchMatchedResumes
FNDA:0,handleEdit
FNDA:0,(anonymous_70)
FNDA:0,showTagInput
FNDA:0,(anonymous_72)
FNDA:0,addTag
FNDA:0,removeTag
FNDA:0,(anonymous_75)
FNDA:0,_callee3
FNDA:0,saveEdit
FNDA:0,handleMatch
FNDA:0,handleDelete
FNDA:0,(anonymous_80)
FNDA:0,_callee4
FNDA:0,confirmDelete
FNDA:0,viewResume
FNDA:0,formatDate
FNDA:0,formatRequirements
FNDA:0,getMatchScoreColor
FNDA:0,(anonymous_87)
FNDA:0,(anonymous_88)
FNDA:0,render
FNDA:0,(anonymous_90)
FNDA:0,(anonymous_91)
FNDA:0,(anonymous_92)
FNDA:0,(anonymous_93)
FNDA:0,(anonymous_94)
FNDA:0,(anonymous_95)
FNDA:0,(anonymous_96)
FNDA:0,(anonymous_97)
FNDA:0,(anonymous_98)
FNDA:0,(anonymous_99)
FNDA:0,(anonymous_100)
FNDA:0,(anonymous_101)
FNDA:0,(anonymous_102)
FNDA:0,(anonymous_103)
FNDA:0,onClick
FNDA:0,(anonymous_105)
FNDA:0,(anonymous_106)
FNDA:0,(anonymous_107)
FNDA:0,(anonymous_108)
FNDA:0,(anonymous_109)
FNDA:0,(anonymous_110)
FNDA:0,(anonymous_111)
FNDA:0,(anonymous_112)
FNDA:0,(anonymous_113)
FNDA:0,(anonymous_114)
FNDA:0,(anonymous_115)
FNDA:0,(anonymous_116)
FNDA:0,(anonymous_117)
FNDA:0,(anonymous_118)
FNDA:0,(anonymous_119)
FNDA:0,(anonymous_120)
FNDA:0,(anonymous_121)
FNDA:0,(anonymous_122)
FNDA:0,(anonymous_123)
FNDA:0,(anonymous_124)
FNDA:0,(anonymous_125)
FNDA:0,(anonymous_126)
FNDA:0,(anonymous_127)
FNDA:0,(anonymous_128)
FNDA:0,(anonymous_129)
FNDA:0,(anonymous_130)
FNDA:0,(anonymous_131)
FNDA:0,(anonymous_132)
FNDA:0,onClose
FNDA:0,(anonymous_134)
FNDA:0,(anonymous_135)
FNDA:0,(anonymous_136)
DA:2,0
DA:3,0
DA:4,0
DA:5,0
DA:6,0
DA:7,0
DA:8,0
DA:9,0
DA:10,0
DA:28,0
DA:31,0
DA:32,0
DA:33,0
DA:36,0
DA:39,0
DA:40,0
DA:51,0
DA:52,0
DA:53,0
DA:56,0
DA:61,0
DA:62,0
DA:124,0
DA:125,0
DA:132,0
DA:133,0
DA:187,0
DA:188,0
DA:193,0
DA:194,0
DA:197,0
DA:198,0
DA:199,0
DA:200,0
DA:204,0
DA:210,0
DA:214,0
DA:215,0
DA:216,0
DA:217,0
DA:222,0
DA:223,0
DA:224,0
DA:226,0
DA:227,0
DA:231,0
DA:232,0
DA:238,0
DA:239,0
DA:285,0
DA:286,0
DA:291,0
DA:292,0
DA:298,0
DA:302,0
DA:303,0
DA:304,0
DA:310,0
DA:311,0
DA:363,0
DA:364,0
DA:369,0
DA:370,0
DA:374,0
DA:375,0
DA:376,0
DA:377,0
DA:387,0
DA:388,0
DA:391,0
DA:392,0
DA:396,0
DA:397,0
DA:398,0
DA:402,0
DA:406,0
DA:407,0
DA:408,0
DA:409,0
DA:413,0
DA:418,0
DA:419,0
DA:421,0
DA:426,0
DA:453,0
DA:455,0
DA:458,0
DA:459,0
DA:460,0
DA:463,0
DA:467,0
DA:471,0
DA:475,0
DA:478,0
DA:481,0
DA:484,0
DA:487,0
DA:490,0
DA:493,0
DA:496,0
DA:499,0
DA:502,0
DA:505,0
DA:508,0
DA:511,0
DA:514,0
DA:518,0
DA:521,0
DA:525,0
DA:526,0
DA:527,0
DA:528,0
DA:529,0
DA:530,0
DA:531,0
DA:532,0
DA:533,0
DA:534,0
DA:535,0
DA:536,0
DA:537,0
DA:538,0
DA:548,0
DA:556,0
DA:564,0
DA:572,0
DA:576,0
DA:583,0
DA:590,0
DA:597,0
DA:604,0
DA:609,0
DA:614,0
DA:624,0
DA:634,0
DA:648,0
DA:652,0
DA:656,0
DA:668,0
DA:674,0
DA:676,0
DA:680,0
DA:689,0
DA:695,0
DA:701,0
DA:707,0
DA:709,0
DA:713,0
DA:722,0
DA:728,0
DA:733,0
DA:737,0
DA:740,0
DA:749,0
DA:752,0
DA:761,0
DA:765,0
DA:775,0
DA:779,0
DA:789,0
DA:792,0
DA:801,0
DA:804,0
DA:813,0
DA:814,0
DA:819,0
DA:823,0
DA:832,0
DA:845,0
DA:858,0
LF:170
LH:0
BRDA:2,0,0,0
BRDA:2,0,1,0
BRDA:2,0,2,0
BRDA:2,0,3,0
BRDA:4,1,0,0
BRDA:4,1,1,0
BRDA:4,2,0,0
BRDA:4,2,1,0
BRDA:4,3,0,0
BRDA:4,3,1,0
BRDA:4,3,2,0
BRDA:4,4,0,0
BRDA:4,4,1,0
BRDA:4,5,0,0
BRDA:4,5,1,0
BRDA:4,6,0,0
BRDA:4,6,1,0
BRDA:4,7,0,0
BRDA:4,7,1,0
BRDA:5,8,0,0
BRDA:5,8,1,0
BRDA:5,9,0,0
BRDA:5,9,1,0
BRDA:5,9,2,0
BRDA:6,10,0,0
BRDA:6,10,1,0
BRDA:7,11,0,0
BRDA:7,11,1,0
BRDA:7,11,2,0
BRDA:8,12,0,0
BRDA:8,12,1,0
BRDA:8,13,0,0
BRDA:8,13,1,0
BRDA:8,14,0,0
BRDA:8,14,1,0
BRDA:8,15,0,0
BRDA:8,15,1,0
BRDA:8,16,0,0
BRDA:8,16,1,0
BRDA:8,17,0,0
BRDA:8,17,1,0
BRDA:8,18,0,0
BRDA:8,18,1,0
BRDA:8,19,0,0
BRDA:8,19,1,0
BRDA:8,20,0,0
BRDA:8,20,1,0
BRDA:8,21,0,0
BRDA:8,21,1,0
BRDA:8,21,2,0
BRDA:8,21,3,0
BRDA:8,22,0,0
BRDA:8,22,1,0
BRDA:8,23,0,0
BRDA:8,23,1,0
BRDA:8,24,0,0
BRDA:8,24,1,0
BRDA:8,24,2,0
BRDA:8,25,0,0
BRDA:8,25,1,0
BRDA:8,26,0,0
BRDA:8,26,1,0
BRDA:8,27,0,0
BRDA:8,27,1,0
BRDA:8,28,0,0
BRDA:8,28,1,0
BRDA:8,29,0,0
BRDA:8,29,1,0
BRDA:8,30,0,0
BRDA:8,30,1,0
BRDA:8,31,0,0
BRDA:8,31,1,0
BRDA:8,32,0,0
BRDA:8,32,1,0
BRDA:8,33,0,0
BRDA:8,33,1,0
BRDA:8,34,0,0
BRDA:8,34,1,0
BRDA:8,35,0,0
BRDA:8,35,1,0
BRDA:8,36,0,0
BRDA:8,36,1,0
BRDA:8,37,0,0
BRDA:8,37,1,0
BRDA:8,38,0,0
BRDA:8,38,1,0
BRDA:8,39,0,0
BRDA:8,39,1,0
BRDA:8,40,0,0
BRDA:8,40,1,0
BRDA:8,41,0,0
BRDA:8,41,1,0
BRDA:8,41,2,0
BRDA:8,41,3,0
BRDA:8,41,4,0
BRDA:8,42,0,0
BRDA:8,42,1,0
BRDA:8,43,0,0
BRDA:8,43,1,0
BRDA:8,44,0,0
BRDA:8,44,1,0
BRDA:8,45,0,0
BRDA:8,45,1,0
BRDA:8,46,0,0
BRDA:8,46,1,0
BRDA:8,47,0,0
BRDA:8,47,1,0
BRDA:8,48,0,0
BRDA:8,48,1,0
BRDA:8,49,0,0
BRDA:8,49,1,0
BRDA:8,50,0,0
BRDA:8,50,1,0
BRDA:8,51,0,0
BRDA:8,51,1,0
BRDA:8,52,0,0
BRDA:8,52,1,0
BRDA:8,53,0,0
BRDA:8,53,1,0
BRDA:8,54,0,0
BRDA:8,54,1,0
BRDA:8,55,0,0
BRDA:8,55,1,0
BRDA:8,56,0,0
BRDA:8,56,1,0
BRDA:8,56,2,0
BRDA:8,57,0,0
BRDA:8,57,1,0
BRDA:8,58,0,0
BRDA:8,58,1,0
BRDA:8,59,0,0
BRDA:8,59,1,0
BRDA:8,60,0,0
BRDA:8,60,1,0
BRDA:8,61,0,0
BRDA:8,61,1,0
BRDA:8,62,0,0
BRDA:8,62,1,0
BRDA:8,63,0,0
BRDA:8,63,1,0
BRDA:8,64,0,0
BRDA:8,64,1,0
BRDA:8,64,2,0
BRDA:8,64,3,0
BRDA:8,65,0,0
BRDA:8,65,1,0
BRDA:8,66,0,0
BRDA:8,66,1,0
BRDA:8,67,0,0
BRDA:8,67,1,0
BRDA:8,68,0,0
BRDA:8,68,1,0
BRDA:8,69,0,0
BRDA:8,69,1,0
BRDA:8,70,0,0
BRDA:8,70,1,0
BRDA:8,71,0,0
BRDA:8,71,1,0
BRDA:8,72,0,0
BRDA:8,72,1,0
BRDA:8,73,0,0
BRDA:8,73,1,0
BRDA:8,74,0,0
BRDA:8,74,1,0
BRDA:8,75,0,0
BRDA:8,75,1,0
BRDA:8,76,0,0
BRDA:8,76,1,0
BRDA:8,77,0,0
BRDA:8,77,1,0
BRDA:8,78,0,0
BRDA:8,78,1,0
BRDA:8,79,0,0
BRDA:8,79,1,0
BRDA:8,79,2,0
BRDA:8,80,0,0
BRDA:8,80,1,0
BRDA:8,80,2,0
BRDA:8,80,3,0
BRDA:8,80,4,0
BRDA:8,80,5,0
BRDA:8,81,0,0
BRDA:8,81,1,0
BRDA:8,82,0,0
BRDA:8,82,1,0
BRDA:8,83,0,0
BRDA:8,83,1,0
BRDA:8,84,0,0
BRDA:8,84,1,0
BRDA:8,85,0,0
BRDA:8,85,1,0
BRDA:8,86,0,0
BRDA:8,86,1,0
BRDA:8,87,0,0
BRDA:8,87,1,0
BRDA:8,87,2,0
BRDA:8,88,0,0
BRDA:8,88,1,0
BRDA:8,89,0,0
BRDA:8,89,1,0
BRDA:8,90,0,0
BRDA:8,90,1,0
BRDA:8,91,0,0
BRDA:8,91,1,0
BRDA:9,92,0,0
BRDA:9,92,1,0
BRDA:194,93,0,0
BRDA:194,93,1,0
BRDA:198,94,0,0
BRDA:198,94,1,0
BRDA:199,95,0,0
BRDA:199,95,1,0
BRDA:223,96,0,0
BRDA:223,96,1,0
BRDA:292,97,0,0
BRDA:292,97,1,0
BRDA:303,98,0,0
BRDA:303,98,1,0
BRDA:375,99,0,0
BRDA:375,99,1,0
BRDA:388,100,0,0
BRDA:388,100,1,0
BRDA:391,101,0,0
BRDA:391,101,1,0
BRDA:397,102,0,0
BRDA:397,102,1,0
BRDA:397,103,0,0
BRDA:397,103,1,0
BRDA:407,104,0,0
BRDA:407,104,1,0
BRDA:408,105,0,0
BRDA:408,105,1,0
BRDA:418,106,0,0
BRDA:418,106,1,0
BRDA:538,107,0,0
BRDA:538,107,1,0
BRDA:541,108,0,0
BRDA:541,108,1,0
BRDA:548,109,0,0
BRDA:548,109,1,0
BRDA:556,110,0,0
BRDA:556,110,1,0
BRDA:564,111,0,0
BRDA:564,111,1,0
BRDA:603,112,0,0
BRDA:603,112,1,0
BRDA:613,113,0,0
BRDA:613,113,1,0
BRDA:613,114,0,0
BRDA:613,114,1,0
BRDA:613,115,0,0
BRDA:613,115,1,0
BRDA:613,116,0,0
BRDA:613,116,1,0
BRDA:617,117,0,0
BRDA:617,117,1,0
BRDA:617,118,0,0
BRDA:617,118,1,0
BRDA:656,119,0,0
BRDA:656,119,1,0
BRDA:667,120,0,0
BRDA:667,120,1,0
BRDA:675,121,0,0
BRDA:675,121,1,0
BRDA:680,122,0,0
BRDA:680,122,1,0
BRDA:689,123,0,0
BRDA:689,123,1,0
BRDA:695,124,0,0
BRDA:695,124,1,0
BRDA:700,125,0,0
BRDA:700,125,1,0
BRDA:708,126,0,0
BRDA:708,126,1,0
BRDA:713,127,0,0
BRDA:713,127,1,0
BRDA:722,128,0,0
BRDA:722,128,1,0
BRDA:739,129,0,0
BRDA:739,129,1,0
BRDA:751,130,0,0
BRDA:751,130,1,0
BRDA:764,131,0,0
BRDA:764,131,1,0
BRDA:778,132,0,0
BRDA:778,132,1,0
BRDA:791,133,0,0
BRDA:791,133,1,0
BRDA:803,134,0,0
BRDA:803,134,1,0
BRDA:827,135,0,0
BRDA:827,135,1,0
BRDA:831,136,0,0
BRDA:831,136,1,0
BRDA:845,137,0,0
BRDA:845,137,1,0
BRF:296
BRH:0
end_of_record
TN:
SF:src/components/job/JobList.vue
FN:2,_regeneratorRuntime
FN:2,_regeneratorRuntime
FN:2,(anonymous_2)
FN:2,define
FN:2,define
FN:2,wrap
FN:2,tryCatch
FN:2,Generator
FN:2,GeneratorFunction
FN:2,GeneratorFunctionPrototype
FN:2,(anonymous_10)
FN:2,defineIteratorMethods
FN:2,(anonymous_12)
FN:2,(anonymous_13)
FN:2,AsyncIterator
FN:2,invoke
FN:2,(anonymous_16)
FN:2,(anonymous_17)
FN:2,(anonymous_18)
FN:2,(anonymous_19)
FN:2,value
FN:2,callInvokeWithMethodAndArg
FN:2,(anonymous_22)
FN:2,makeInvokeMethod
FN:2,(anonymous_24)
FN:2,maybeInvokeDelegate
FN:2,pushTryEntry
FN:2,resetTryEntry
FN:2,Context
FN:2,values
FN:2,next
FN:2,(anonymous_31)
FN:2,(anonymous_32)
FN:2,(anonymous_33)
FN:2,(anonymous_34)
FN:2,(anonymous_35)
FN:2,(anonymous_36)
FN:2,(anonymous_37)
FN:2,(anonymous_38)
FN:2,(anonymous_39)
FN:2,next
FN:2,reset
FN:2,stop
FN:2,dispatchException
FN:2,handle
FN:2,abrupt
FN:2,complete
FN:2,finish
FN:2,_catch
FN:2,delegateYield
FN:3,asyncGeneratorStep
FN:4,_asyncToGenerator
FN:4,(anonymous_52)
FN:4,(anonymous_53)
FN:4,_next
FN:4,_throw
FN:11,setup
FN:74,(anonymous_57)
FN:77,_callee
FN:163,fetchJobList
FN:169,handleSearch
FN:175,handleFilter
FN:181,resetFilter
FN:190,handleCurrentChange
FN:196,handleSizeChange
FN:203,handleRowClick
FN:208,viewDetail
FN:213,handleDelete
FN:221,(anonymous_68)
FN:224,_callee2
FN:271,confirmDelete
FN:277,formatDate
FN:290,(anonymous_72)
FN:338,render
FN:353,(anonymous_74)
FN:361,(anonymous_75)
FN:363,(anonymous_76)
FN:372,(anonymous_77)
FN:379,(anonymous_78)
FN:380,(anonymous_79)
FN:391,(anonymous_80)
FN:398,(anonymous_81)
FN:399,(anonymous_82)
FN:412,(anonymous_83)
FN:419,(anonymous_84)
FN:431,(anonymous_85)
FN:453,(anonymous_86)
FN:461,(anonymous_87)
FN:462,(anonymous_88)
FN:468,(anonymous_89)
FN:481,(anonymous_90)
FN:485,(anonymous_91)
FN:489,(anonymous_92)
FN:496,(anonymous_93)
FN:500,(anonymous_94)
FN:512,(anonymous_95)
FN:516,(anonymous_96)
FN:526,(anonymous_97)
FN:532,(anonymous_98)
FN:534,(anonymous_99)
FN:538,(anonymous_100)
FN:547,(anonymous_101)
FN:553,(anonymous_102)
FNF:103
FNH:0
FNDA:0,_regeneratorRuntime
FNDA:0,_regeneratorRuntime
FNDA:0,(anonymous_2)
FNDA:0,define
FNDA:0,define
FNDA:0,wrap
FNDA:0,tryCatch
FNDA:0,Generator
FNDA:0,GeneratorFunction
FNDA:0,GeneratorFunctionPrototype
FNDA:0,(anonymous_10)
FNDA:0,defineIteratorMethods
FNDA:0,(anonymous_12)
FNDA:0,(anonymous_13)
FNDA:0,AsyncIterator
FNDA:0,invoke
FNDA:0,(anonymous_16)
FNDA:0,(anonymous_17)
FNDA:0,(anonymous_18)
FNDA:0,(anonymous_19)
FNDA:0,value
FNDA:0,callInvokeWithMethodAndArg
FNDA:0,(anonymous_22)
FNDA:0,makeInvokeMethod
FNDA:0,(anonymous_24)
FNDA:0,maybeInvokeDelegate
FNDA:0,pushTryEntry
FNDA:0,resetTryEntry
FNDA:0,Context
FNDA:0,values
FNDA:0,next
FNDA:0,(anonymous_31)
FNDA:0,(anonymous_32)
FNDA:0,(anonymous_33)
FNDA:0,(anonymous_34)
FNDA:0,(anonymous_35)
FNDA:0,(anonymous_36)
FNDA:0,(anonymous_37)
FNDA:0,(anonymous_38)
FNDA:0,(anonymous_39)
FNDA:0,next
FNDA:0,reset
FNDA:0,stop
FNDA:0,dispatchException
FNDA:0,handle
FNDA:0,abrupt
FNDA:0,complete
FNDA:0,finish
FNDA:0,_catch
FNDA:0,delegateYield
FNDA:0,asyncGeneratorStep
FNDA:0,_asyncToGenerator
FNDA:0,(anonymous_52)
FNDA:0,(anonymous_53)
FNDA:0,_next
FNDA:0,_throw
FNDA:0,setup
FNDA:0,(anonymous_57)
FNDA:0,_callee
FNDA:0,fetchJobList
FNDA:0,handleSearch
FNDA:0,handleFilter
FNDA:0,resetFilter
FNDA:0,handleCurrentChange
FNDA:0,handleSizeChange
FNDA:0,handleRowClick
FNDA:0,viewDetail
FNDA:0,handleDelete
FNDA:0,(anonymous_68)
FNDA:0,_callee2
FNDA:0,confirmDelete
FNDA:0,formatDate
FNDA:0,(anonymous_72)
FNDA:0,render
FNDA:0,(anonymous_74)
FNDA:0,(anonymous_75)
FNDA:0,(anonymous_76)
FNDA:0,(anonymous_77)
FNDA:0,(anonymous_78)
FNDA:0,(anonymous_79)
FNDA:0,(anonymous_80)
FNDA:0,(anonymous_81)
FNDA:0,(anonymous_82)
FNDA:0,(anonymous_83)
FNDA:0,(anonymous_84)
FNDA:0,(anonymous_85)
FNDA:0,(anonymous_86)
FNDA:0,(anonymous_87)
FNDA:0,(anonymous_88)
FNDA:0,(anonymous_89)
FNDA:0,(anonymous_90)
FNDA:0,(anonymous_91)
FNDA:0,(anonymous_92)
FNDA:0,(anonymous_93)
FNDA:0,(anonymous_94)
FNDA:0,(anonymous_95)
FNDA:0,(anonymous_96)
FNDA:0,(anonymous_97)
FNDA:0,(anonymous_98)
FNDA:0,(anonymous_99)
FNDA:0,(anonymous_100)
FNDA:0,(anonymous_101)
FNDA:0,(anonymous_102)
DA:2,0
DA:3,0
DA:4,0
DA:15,0
DA:16,0
DA:17,0
DA:20,0
DA:21,0
DA:22,0
DA:25,0
DA:26,0
DA:29,0
DA:32,0
DA:33,0
DA:36,0
DA:54,0
DA:74,0
DA:75,0
DA:163,0
DA:164,0
DA:169,0
DA:170,0
DA:171,0
DA:175,0
DA:176,0
DA:177,0
DA:181,0
DA:182,0
DA:183,0
DA:184,0
DA:185,0
DA:186,0
DA:190,0
DA:191,0
DA:192,0
DA:196,0
DA:197,0
DA:198,0
DA:199,0
DA:203,0
DA:204,0
DA:208,0
DA:209,0
DA:213,0
DA:214,0
DA:215,0
DA:221,0
DA:222,0
DA:271,0
DA:272,0
DA:277,0
DA:278,0
DA:279,0
DA:280,0
DA:290,0
DA:291,0
DA:293,0
DA:319,0
DA:321,0
DA:324,0
DA:325,0
DA:326,0
DA:329,0
DA:332,0
DA:335,0
DA:339,0
DA:340,0
DA:341,0
DA:342,0
DA:343,0
DA:344,0
DA:345,0
DA:346,0
DA:347,0
DA:348,0
DA:349,0
DA:350,0
DA:351,0
DA:354,0
DA:362,0
DA:364,0
DA:373,0
DA:380,0
DA:381,0
DA:392,0
DA:399,0
DA:400,0
DA:413,0
DA:420,0
DA:432,0
DA:454,0
DA:462,0
DA:463,0
DA:469,0
DA:482,0
DA:486,0
DA:490,0
DA:497,0
DA:501,0
DA:513,0
DA:517,0
DA:527,0
DA:533,0
DA:535,0
DA:539,0
DA:548,0
DA:554,0
DA:558,0
LF:108
LH:0
BRDA:2,0,0,0
BRDA:2,0,1,0
BRDA:2,1,0,0
BRDA:2,1,1,0
BRDA:2,2,0,0
BRDA:2,2,1,0
BRDA:2,3,0,0
BRDA:2,3,1,0
BRDA:2,4,0,0
BRDA:2,4,1,0
BRDA:2,5,0,0
BRDA:2,5,1,0
BRDA:2,6,0,0
BRDA:2,6,1,0
BRDA:2,7,0,0
BRDA:2,7,1,0
BRDA:2,8,0,0
BRDA:2,8,1,0
BRDA:2,9,0,0
BRDA:2,9,1,0
BRDA:2,9,2,0
BRDA:2,9,3,0
BRDA:2,10,0,0
BRDA:2,10,1,0
BRDA:2,11,0,0
BRDA:2,11,1,0
BRDA:2,12,0,0
BRDA:2,12,1,0
BRDA:2,12,2,0
BRDA:2,13,0,0
BRDA:2,13,1,0
BRDA:2,14,0,0
BRDA:2,14,1,0
BRDA:2,15,0,0
BRDA:2,15,1,0
BRDA:2,16,0,0
BRDA:2,16,1,0
BRDA:2,17,0,0
BRDA:2,17,1,0
BRDA:2,18,0,0
BRDA:2,18,1,0
BRDA:2,19,0,0
BRDA:2,19,1,0
BRDA:2,20,0,0
BRDA:2,20,1,0
BRDA:2,21,0,0
BRDA:2,21,1,0
BRDA:2,22,0,0
BRDA:2,22,1,0
BRDA:2,23,0,0
BRDA:2,23,1,0
BRDA:2,24,0,0
BRDA:2,24,1,0
BRDA:2,25,0,0
BRDA:2,25,1,0
BRDA:2,26,0,0
BRDA:2,26,1,0
BRDA:2,27,0,0
BRDA:2,27,1,0
BRDA:2,28,0,0
BRDA:2,28,1,0
BRDA:2,29,0,0
BRDA:2,29,1,0
BRDA:2,29,2,0
BRDA:2,29,3,0
BRDA:2,29,4,0
BRDA:2,30,0,0
BRDA:2,30,1,0
BRDA:2,31,0,0
BRDA:2,31,1,0
BRDA:2,32,0,0
BRDA:2,32,1,0
BRDA:2,33,0,0
BRDA:2,33,1,0
BRDA:2,34,0,0
BRDA:2,34,1,0
BRDA:2,35,0,0
BRDA:2,35,1,0
BRDA:2,36,0,0
BRDA:2,36,1,0
BRDA:2,37,0,0
BRDA:2,37,1,0
BRDA:2,38,0,0
BRDA:2,38,1,0
BRDA:2,39,0,0
BRDA:2,39,1,0
BRDA:2,40,0,0
BRDA:2,40,1,0
BRDA:2,41,0,0
BRDA:2,41,1,0
BRDA:2,42,0,0
BRDA:2,42,1,0
BRDA:2,43,0,0
BRDA:2,43,1,0
BRDA:2,44,0,0
BRDA:2,44,1,0
BRDA:2,44,2,0
BRDA:2,45,0,0
BRDA:2,45,1,0
BRDA:2,46,0,0
BRDA:2,46,1,0
BRDA:2,47,0,0
BRDA:2,47,1,0
BRDA:2,48,0,0
BRDA:2,48,1,0
BRDA:2,49,0,0
BRDA:2,49,1,0
BRDA:2,50,0,0
BRDA:2,50,1,0
BRDA:2,51,0,0
BRDA:2,51,1,0
BRDA:2,52,0,0
BRDA:2,52,1,0
BRDA:2,52,2,0
BRDA:2,52,3,0
BRDA:2,53,0,0
BRDA:2,53,1,0
BRDA:2,54,0,0
BRDA:2,54,1,0
BRDA:2,55,0,0
BRDA:2,55,1,0
BRDA:2,56,0,0
BRDA:2,56,1,0
BRDA:2,57,0,0
BRDA:2,57,1,0
BRDA:2,58,0,0
BRDA:2,58,1,0
BRDA:2,59,0,0
BRDA:2,59,1,0
BRDA:2,60,0,0
BRDA:2,60,1,0
BRDA:2,61,0,0
BRDA:2,61,1,0
BRDA:2,62,0,0
BRDA:2,62,1,0
BRDA:2,63,0,0
BRDA:2,63,1,0
BRDA:2,64,0,0
BRDA:2,64,1,0
BRDA:2,65,0,0
BRDA:2,65,1,0
BRDA:2,66,0,0
BRDA:2,66,1,0
BRDA:2,67,0,0
BRDA:2,67,1,0
BRDA:2,67,2,0
BRDA:2,68,0,0
BRDA:2,68,1,0
BRDA:2,68,2,0
BRDA:2,68,3,0
BRDA:2,68,4,0
BRDA:2,68,5,0
BRDA:2,69,0,0
BRDA:2,69,1,0
BRDA:2,70,0,0
BRDA:2,70,1,0
BRDA:2,71,0,0
BRDA:2,71,1,0
BRDA:2,72,0,0
BRDA:2,72,1,0
BRDA:2,73,0,0
BRDA:2,73,1,0
BRDA:2,74,0,0
BRDA:2,74,1,0
BRDA:2,75,0,0
BRDA:2,75,1,0
BRDA:2,75,2,0
BRDA:2,76,0,0
BRDA:2,76,1,0
BRDA:2,77,0,0
BRDA:2,77,1,0
BRDA:2,78,0,0
BRDA:2,78,1,0
BRDA:2,79,0,0
BRDA:2,79,1,0
BRDA:3,80,0,0
BRDA:3,80,1,0
BRDA:278,81,0,0
BRDA:278,81,1,0
BRDA:353,82,0,0
BRDA:353,82,1,0
BRDA:372,83,0,0
BRDA:372,83,1,0
BRDA:391,84,0,0
BRDA:391,84,1,0
BRDA:413,85,0,0
BRDA:413,85,1,0
BRDA:420,86,0,0
BRDA:420,86,1,0
BRDA:490,87,0,0
BRDA:490,87,1,0
BRDA:501,88,0,0
BRDA:501,88,1,0
BRDA:512,89,0,0
BRDA:512,89,1,0
BRDA:516,90,0,0
BRDA:516,90,1,0
BRDA:526,91,0,0
BRDA:526,91,1,0
BRDA:534,92,0,0
BRDA:534,92,1,0
BRDA:539,93,0,0
BRDA:539,93,1,0
BRDA:548,94,0,0
BRDA:548,94,1,0
BRDA:554,95,0,0
BRDA:554,95,1,0
BRF:207
BRH:0
end_of_record
TN:
SF:src/components/job/JobRequirementForm.vue
FN:2,_regeneratorRuntime
FN:2,_regeneratorRuntime
FN:2,(anonymous_2)
FN:2,define
FN:2,define
FN:2,wrap
FN:2,tryCatch
FN:2,Generator
FN:2,GeneratorFunction
FN:2,GeneratorFunctionPrototype
FN:2,(anonymous_10)
FN:2,defineIteratorMethods
FN:2,(anonymous_12)
FN:2,(anonymous_13)
FN:2,AsyncIterator
FN:2,invoke
FN:2,(anonymous_16)
FN:2,(anonymous_17)
FN:2,(anonymous_18)
FN:2,(anonymous_19)
FN:2,value
FN:2,callInvokeWithMethodAndArg
FN:2,(anonymous_22)
FN:2,makeInvokeMethod
FN:2,(anonymous_24)
FN:2,maybeInvokeDelegate
FN:2,pushTryEntry
FN:2,resetTryEntry
FN:2,Context
FN:2,values
FN:2,next
FN:2,(anonymous_31)
FN:2,(anonymous_32)
FN:2,(anonymous_33)
FN:2,(anonymous_34)
FN:2,(anonymous_35)
FN:2,(anonymous_36)
FN:2,(anonymous_37)
FN:2,(anonymous_38)
FN:2,(anonymous_39)
FN:2,next
FN:2,reset
FN:2,stop
FN:2,dispatchException
FN:2,handle
FN:2,abrupt
FN:2,complete
FN:2,finish
FN:2,_catch
FN:2,delegateYield
FN:3,asyncGeneratorStep
FN:4,_asyncToGenerator
FN:4,(anonymous_52)
FN:4,(anonymous_53)
FN:4,_next
FN:4,_throw
FN:10,setup
FN:42,handleFileChange
FN:50,(anonymous_58)
FN:53,_callee
FN:132,submitForm
FN:138,resetForm
FN:147,showTagInput
FN:149,(anonymous_63)
FN:155,addTag
FN:167,removeTag
FN:174,(anonymous_66)
FN:177,_callee2
FN:221,saveJobRequirement
FN:227,cancelEdit
FN:266,render
FN:281,(anonymous_71)
FN:286,(anonymous_72)
FN:296,(anonymous_73)
FN:300,(anonymous_74)
FN:313,(anonymous_75)
FN:319,(anonymous_76)
FN:326,(anonymous_77)
FN:339,(anonymous_78)
FN:343,(anonymous_79)
FN:346,(anonymous_80)
FN:355,(anonymous_81)
FN:358,(anonymous_82)
FN:367,(anonymous_83)
FN:371,(anonymous_84)
FN:381,(anonymous_85)
FN:385,(anonymous_86)
FN:395,(anonymous_87)
FN:398,(anonymous_88)
FN:407,(anonymous_89)
FN:410,(anonymous_90)
FN:419,(anonymous_91)
FN:420,(anonymous_92)
FN:425,onClose
FN:429,(anonymous_94)
FN:438,(anonymous_95)
FN:451,(anonymous_96)
FN:459,(anonymous_97)
FN:465,(anonymous_98)
FN:472,(anonymous_99)
FNF:100
FNH:0
FNDA:0,_regeneratorRuntime
FNDA:0,_regeneratorRuntime
FNDA:0,(anonymous_2)
FNDA:0,define
FNDA:0,define
FNDA:0,wrap
FNDA:0,tryCatch
FNDA:0,Generator
FNDA:0,GeneratorFunction
FNDA:0,GeneratorFunctionPrototype
FNDA:0,(anonymous_10)
FNDA:0,defineIteratorMethods
FNDA:0,(anonymous_12)
FNDA:0,(anonymous_13)
FNDA:0,AsyncIterator
FNDA:0,invoke
FNDA:0,(anonymous_16)
FNDA:0,(anonymous_17)
FNDA:0,(anonymous_18)
FNDA:0,(anonymous_19)
FNDA:0,value
FNDA:0,callInvokeWithMethodAndArg
FNDA:0,(anonymous_22)
FNDA:0,makeInvokeMethod
FNDA:0,(anonymous_24)
FNDA:0,maybeInvokeDelegate
FNDA:0,pushTryEntry
FNDA:0,resetTryEntry
FNDA:0,Context
FNDA:0,values
FNDA:0,next
FNDA:0,(anonymous_31)
FNDA:0,(anonymous_32)
FNDA:0,(anonymous_33)
FNDA:0,(anonymous_34)
FNDA:0,(anonymous_35)
FNDA:0,(anonymous_36)
FNDA:0,(anonymous_37)
FNDA:0,(anonymous_38)
FNDA:0,(anonymous_39)
FNDA:0,next
FNDA:0,reset
FNDA:0,stop
FNDA:0,dispatchException
FNDA:0,handle
FNDA:0,abrupt
FNDA:0,complete
FNDA:0,finish
FNDA:0,_catch
FNDA:0,delegateYield
FNDA:0,asyncGeneratorStep
FNDA:0,_asyncToGenerator
FNDA:0,(anonymous_52)
FNDA:0,(anonymous_53)
FNDA:0,_next
FNDA:0,_throw
FNDA:0,setup
FNDA:0,handleFileChange
FNDA:0,(anonymous_58)
FNDA:0,_callee
FNDA:0,submitForm
FNDA:0,resetForm
FNDA:0,showTagInput
FNDA:0,(anonymous_63)
FNDA:0,addTag
FNDA:0,removeTag
FNDA:0,(anonymous_66)
FNDA:0,_callee2
FNDA:0,saveJobRequirement
FNDA:0,cancelEdit
FNDA:0,render
FNDA:0,(anonymous_71)
FNDA:0,(anonymous_72)
FNDA:0,(anonymous_73)
FNDA:0,(anonymous_74)
FNDA:0,(anonymous_75)
FNDA:0,(anonymous_76)
FNDA:0,(anonymous_77)
FNDA:0,(anonymous_78)
FNDA:0,(anonymous_79)
FNDA:0,(anonymous_80)
FNDA:0,(anonymous_81)
FNDA:0,(anonymous_82)
FNDA:0,(anonymous_83)
FNDA:0,(anonymous_84)
FNDA:0,(anonymous_85)
FNDA:0,(anonymous_86)
FNDA:0,(anonymous_87)
FNDA:0,(anonymous_88)
FNDA:0,(anonymous_89)
FNDA:0,(anonymous_90)
FNDA:0,(anonymous_91)
FNDA:0,(anonymous_92)
FNDA:0,onClose
FNDA:0,(anonymous_94)
FNDA:0,(anonymous_95)
FNDA:0,(anonymous_96)
FNDA:0,(anonymous_97)
FNDA:0,(anonymous_98)
FNDA:0,(anonymous_99)
DA:2,0
DA:3,0
DA:4,0
DA:12,0
DA:13,0
DA:18,0
DA:21,0
DA:22,0
DA:25,0
DA:28,0
DA:29,0
DA:30,0
DA:33,0
DA:42,0
DA:43,0
DA:44,0
DA:50,0
DA:51,0
DA:132,0
DA:133,0
DA:138,0
DA:139,0
DA:140,0
DA:142,0
DA:143,0
DA:147,0
DA:148,0
DA:149,0
DA:150,0
DA:155,0
DA:156,0
DA:157,0
DA:158,0
DA:160,0
DA:162,0
DA:163,0
DA:167,0
DA:168,0
DA:174,0
DA:175,0
DA:221,0
DA:222,0
DA:227,0
DA:228,0
DA:230,0
DA:252,0
DA:254,0
DA:257,0
DA:258,0
DA:259,0
DA:262,0
DA:267,0
DA:268,0
DA:269,0
DA:270,0
DA:271,0
DA:272,0
DA:273,0
DA:274,0
DA:275,0
DA:282,0
DA:287,0
DA:297,0
DA:301,0
DA:314,0
DA:320,0
DA:327,0
DA:340,0
DA:344,0
DA:347,0
DA:356,0
DA:359,0
DA:368,0
DA:372,0
DA:382,0
DA:386,0
DA:396,0
DA:399,0
DA:408,0
DA:411,0
DA:420,0
DA:421,0
DA:426,0
DA:430,0
DA:439,0
DA:452,0
DA:460,0
DA:466,0
DA:473,0
DA:483,0
LF:90
LH:0
BRDA:2,0,0,0
BRDA:2,0,1,0
BRDA:2,1,0,0
BRDA:2,1,1,0
BRDA:2,2,0,0
BRDA:2,2,1,0
BRDA:2,3,0,0
BRDA:2,3,1,0
BRDA:2,4,0,0
BRDA:2,4,1,0
BRDA:2,5,0,0
BRDA:2,5,1,0
BRDA:2,6,0,0
BRDA:2,6,1,0
BRDA:2,7,0,0
BRDA:2,7,1,0
BRDA:2,8,0,0
BRDA:2,8,1,0
BRDA:2,9,0,0
BRDA:2,9,1,0
BRDA:2,9,2,0
BRDA:2,9,3,0
BRDA:2,10,0,0
BRDA:2,10,1,0
BRDA:2,11,0,0
BRDA:2,11,1,0
BRDA:2,12,0,0
BRDA:2,12,1,0
BRDA:2,12,2,0
BRDA:2,13,0,0
BRDA:2,13,1,0
BRDA:2,14,0,0
BRDA:2,14,1,0
BRDA:2,15,0,0
BRDA:2,15,1,0
BRDA:2,16,0,0
BRDA:2,16,1,0
BRDA:2,17,0,0
BRDA:2,17,1,0
BRDA:2,18,0,0
BRDA:2,18,1,0
BRDA:2,19,0,0
BRDA:2,19,1,0
BRDA:2,20,0,0
BRDA:2,20,1,0
BRDA:2,21,0,0
BRDA:2,21,1,0
BRDA:2,22,0,0
BRDA:2,22,1,0
BRDA:2,23,0,0
BRDA:2,23,1,0
BRDA:2,24,0,0
BRDA:2,24,1,0
BRDA:2,25,0,0
BRDA:2,25,1,0
BRDA:2,26,0,0
BRDA:2,26,1,0
BRDA:2,27,0,0
BRDA:2,27,1,0
BRDA:2,28,0,0
BRDA:2,28,1,0
BRDA:2,29,0,0
BRDA:2,29,1,0
BRDA:2,29,2,0
BRDA:2,29,3,0
BRDA:2,29,4,0
BRDA:2,30,0,0
BRDA:2,30,1,0
BRDA:2,31,0,0
BRDA:2,31,1,0
BRDA:2,32,0,0
BRDA:2,32,1,0
BRDA:2,33,0,0
BRDA:2,33,1,0
BRDA:2,34,0,0
BRDA:2,34,1,0
BRDA:2,35,0,0
BRDA:2,35,1,0
BRDA:2,36,0,0
BRDA:2,36,1,0
BRDA:2,37,0,0
BRDA:2,37,1,0
BRDA:2,38,0,0
BRDA:2,38,1,0
BRDA:2,39,0,0
BRDA:2,39,1,0
BRDA:2,40,0,0
BRDA:2,40,1,0
BRDA:2,41,0,0
BRDA:2,41,1,0
BRDA:2,42,0,0
BRDA:2,42,1,0
BRDA:2,43,0,0
BRDA:2,43,1,0
BRDA:2,44,0,0
BRDA:2,44,1,0
BRDA:2,44,2,0
BRDA:2,45,0,0
BRDA:2,45,1,0
BRDA:2,46,0,0
BRDA:2,46,1,0
BRDA:2,47,0,0
BRDA:2,47,1,0
BRDA:2,48,0,0
BRDA:2,48,1,0
BRDA:2,49,0,0
BRDA:2,49,1,0
BRDA:2,50,0,0
BRDA:2,50,1,0
BRDA:2,51,0,0
BRDA:2,51,1,0
BRDA:2,52,0,0
BRDA:2,52,1,0
BRDA:2,52,2,0
BRDA:2,52,3,0
BRDA:2,53,0,0
BRDA:2,53,1,0
BRDA:2,54,0,0
BRDA:2,54,1,0
BRDA:2,55,0,0
BRDA:2,55,1,0
BRDA:2,56,0,0
BRDA:2,56,1,0
BRDA:2,57,0,0
BRDA:2,57,1,0
BRDA:2,58,0,0
BRDA:2,58,1,0
BRDA:2,59,0,0
BRDA:2,59,1,0
BRDA:2,60,0,0
BRDA:2,60,1,0
BRDA:2,61,0,0
BRDA:2,61,1,0
BRDA:2,62,0,0
BRDA:2,62,1,0
BRDA:2,63,0,0
BRDA:2,63,1,0
BRDA:2,64,0,0
BRDA:2,64,1,0
BRDA:2,65,0,0
BRDA:2,65,1,0
BRDA:2,66,0,0
BRDA:2,66,1,0
BRDA:2,67,0,0
BRDA:2,67,1,0
BRDA:2,67,2,0
BRDA:2,68,0,0
BRDA:2,68,1,0
BRDA:2,68,2,0
BRDA:2,68,3,0
BRDA:2,68,4,0
BRDA:2,68,5,0
BRDA:2,69,0,0
BRDA:2,69,1,0
BRDA:2,70,0,0
BRDA:2,70,1,0
BRDA:2,71,0,0
BRDA:2,71,1,0
BRDA:2,72,0,0
BRDA:2,72,1,0
BRDA:2,73,0,0
BRDA:2,73,1,0
BRDA:2,74,0,0
BRDA:2,74,1,0
BRDA:2,75,0,0
BRDA:2,75,1,0
BRDA:2,75,2,0
BRDA:2,76,0,0
BRDA:2,76,1,0
BRDA:2,77,0,0
BRDA:2,77,1,0
BRDA:2,78,0,0
BRDA:2,78,1,0
BRDA:2,79,0,0
BRDA:2,79,1,0
BRDA:3,80,0,0
BRDA:3,80,1,0
BRDA:139,81,0,0
BRDA:139,81,1,0
BRDA:156,82,0,0
BRDA:156,82,1,0
BRDA:157,83,0,0
BRDA:157,83,1,0
BRDA:304,84,0,0
BRDA:304,84,1,0
BRDA:320,85,0,0
BRDA:320,85,1,0
BRDA:327,86,0,0
BRDA:327,86,1,0
BRDA:336,87,0,0
BRDA:336,87,1,0
BRDA:336,88,0,0
BRDA:336,88,1,0
BRDA:346,89,0,0
BRDA:346,89,1,0
BRDA:358,90,0,0
BRDA:358,90,1,0
BRDA:371,91,0,0
BRDA:371,91,1,0
BRDA:385,92,0,0
BRDA:385,92,1,0
BRDA:398,93,0,0
BRDA:398,93,1,0
BRDA:410,94,0,0
BRDA:410,94,1,0
BRDA:434,95,0,0
BRDA:434,95,1,0
BRDA:438,96,0,0
BRDA:438,96,1,0
BRDA:452,97,0,0
BRDA:452,97,1,0
BRDA:466,98,0,0
BRDA:466,98,1,0
BRDA:473,99,0,0
BRDA:473,99,1,0
BRF:215
BRH:0
end_of_record
TN:
SF:src/components/match/MatchDetail.vue
FN:2,_regeneratorRuntime
FN:2,_regeneratorRuntime
FN:2,(anonymous_2)
FN:2,define
FN:2,define
FN:2,wrap
FN:2,tryCatch
FN:2,Generator
FN:2,GeneratorFunction
FN:2,GeneratorFunctionPrototype
FN:2,(anonymous_10)
FN:2,defineIteratorMethods
FN:2,(anonymous_12)
FN:2,(anonymous_13)
FN:2,AsyncIterator
FN:2,invoke
FN:2,(anonymous_16)
FN:2,(anonymous_17)
FN:2,(anonymous_18)
FN:2,(anonymous_19)
FN:2,value
FN:2,callInvokeWithMethodAndArg
FN:2,(anonymous_22)
FN:2,makeInvokeMethod
FN:2,(anonymous_24)
FN:2,maybeInvokeDelegate
FN:2,pushTryEntry
FN:2,resetTryEntry
FN:2,Context
FN:2,values
FN:2,next
FN:2,(anonymous_31)
FN:2,(anonymous_32)
FN:2,(anonymous_33)
FN:2,(anonymous_34)
FN:2,(anonymous_35)
FN:2,(anonymous_36)
FN:2,(anonymous_37)
FN:2,(anonymous_38)
FN:2,(anonymous_39)
FN:2,next
FN:2,reset
FN:2,stop
FN:2,dispatchException
FN:2,handle
FN:2,abrupt
FN:2,complete
FN:2,finish
FN:2,_catch
FN:2,delegateYield
FN:3,asyncGeneratorStep
FN:4,_asyncToGenerator
FN:4,(anonymous_52)
FN:4,(anonymous_53)
FN:4,_next
FN:4,_throw
FN:18,setup
FN:33,(anonymous_57)
FN:36,_callee
FN:130,fetchMatchDetail
FN:136,viewResume
FN:142,viewJob
FN:148,addToPlan
FN:157,getMatchScoreColor
FN:164,getMatchScoreDescription
FN:171,(anonymous_65)
FN:175,(anonymous_66)
FN:284,render
FN:302,(anonymous_68)
FN:310,(anonymous_69)
FN:318,(anonymous_70)
FN:348,(anonymous_71)
FN:366,(anonymous_72)
FN:382,(anonymous_73)
FN:386,(anonymous_74)
FN:387,(anonymous_75)
FN:397,(anonymous_76)
FN:398,(anonymous_77)
FNF:78
FNH:0
FNDA:0,_regeneratorRuntime
FNDA:0,_regeneratorRuntime
FNDA:0,(anonymous_2)
FNDA:0,define
FNDA:0,define
FNDA:0,wrap
FNDA:0,tryCatch
FNDA:0,Generator
FNDA:0,GeneratorFunction
FNDA:0,GeneratorFunctionPrototype
FNDA:0,(anonymous_10)
FNDA:0,defineIteratorMethods
FNDA:0,(anonymous_12)
FNDA:0,(anonymous_13)
FNDA:0,AsyncIterator
FNDA:0,invoke
FNDA:0,(anonymous_16)
FNDA:0,(anonymous_17)
FNDA:0,(anonymous_18)
FNDA:0,(anonymous_19)
FNDA:0,value
FNDA:0,callInvokeWithMethodAndArg
FNDA:0,(anonymous_22)
FNDA:0,makeInvokeMethod
FNDA:0,(anonymous_24)
FNDA:0,maybeInvokeDelegate
FNDA:0,pushTryEntry
FNDA:0,resetTryEntry
FNDA:0,Context
FNDA:0,values
FNDA:0,next
FNDA:0,(anonymous_31)
FNDA:0,(anonymous_32)
FNDA:0,(anonymous_33)
FNDA:0,(anonymous_34)
FNDA:0,(anonymous_35)
FNDA:0,(anonymous_36)
FNDA:0,(anonymous_37)
FNDA:0,(anonymous_38)
FNDA:0,(anonymous_39)
FNDA:0,next
FNDA:0,reset
FNDA:0,stop
FNDA:0,dispatchException
FNDA:0,handle
FNDA:0,abrupt
FNDA:0,complete
FNDA:0,finish
FNDA:0,_catch
FNDA:0,delegateYield
FNDA:0,asyncGeneratorStep
FNDA:0,_asyncToGenerator
FNDA:0,(anonymous_52)
FNDA:0,(anonymous_53)
FNDA:0,_next
FNDA:0,_throw
FNDA:0,setup
FNDA:0,(anonymous_57)
FNDA:0,_callee
FNDA:0,fetchMatchDetail
FNDA:0,viewResume
FNDA:0,viewJob
FNDA:0,addToPlan
FNDA:0,getMatchScoreColor
FNDA:0,getMatchScoreDescription
FNDA:0,(anonymous_65)
FNDA:0,(anonymous_66)
FNDA:0,render
FNDA:0,(anonymous_68)
FNDA:0,(anonymous_69)
FNDA:0,(anonymous_70)
FNDA:0,(anonymous_71)
FNDA:0,(anonymous_72)
FNDA:0,(anonymous_73)
FNDA:0,(anonymous_74)
FNDA:0,(anonymous_75)
FNDA:0,(anonymous_76)
FNDA:0,(anonymous_77)
DA:2,0
DA:3,0
DA:4,0
DA:22,0
DA:25,0
DA:28,0
DA:33,0
DA:34,0
DA:130,0
DA:131,0
DA:136,0
DA:137,0
DA:138,0
DA:142,0
DA:143,0
DA:144,0
DA:148,0
DA:149,0
DA:150,0
DA:151,0
DA:157,0
DA:158,0
DA:159,0
DA:160,0
DA:164,0
DA:165,0
DA:166,0
DA:167,0
DA:171,0
DA:176,0
DA:177,0
DA:179,0
DA:184,0
DA:196,0
DA:198,0
DA:201,0
DA:202,0
DA:203,0
DA:206,0
DA:210,0
DA:214,0
DA:218,0
DA:221,0
DA:224,0
DA:227,0
DA:230,0
DA:233,0
DA:236,0
DA:239,0
DA:242,0
DA:245,0
DA:248,0
DA:251,0
DA:254,0
DA:257,0
DA:260,0
DA:263,0
DA:266,0
DA:269,0
DA:272,0
DA:275,0
DA:278,0
DA:281,0
DA:285,0
DA:286,0
DA:287,0
DA:288,0
DA:289,0
DA:290,0
DA:291,0
DA:292,0
DA:293,0
DA:303,0
DA:311,0
DA:319,0
DA:349,0
DA:367,0
DA:383,0
DA:387,0
DA:388,0
DA:398,0
DA:399,0
DA:409,0
LF:83
LH:0
BRDA:2,0,0,0
BRDA:2,0,1,0
BRDA:2,1,0,0
BRDA:2,1,1,0
BRDA:2,2,0,0
BRDA:2,2,1,0
BRDA:2,3,0,0
BRDA:2,3,1,0
BRDA:2,4,0,0
BRDA:2,4,1,0
BRDA:2,5,0,0
BRDA:2,5,1,0
BRDA:2,6,0,0
BRDA:2,6,1,0
BRDA:2,7,0,0
BRDA:2,7,1,0
BRDA:2,8,0,0
BRDA:2,8,1,0
BRDA:2,9,0,0
BRDA:2,9,1,0
BRDA:2,9,2,0
BRDA:2,9,3,0
BRDA:2,10,0,0
BRDA:2,10,1,0
BRDA:2,11,0,0
BRDA:2,11,1,0
BRDA:2,12,0,0
BRDA:2,12,1,0
BRDA:2,12,2,0
BRDA:2,13,0,0
BRDA:2,13,1,0
BRDA:2,14,0,0
BRDA:2,14,1,0
BRDA:2,15,0,0
BRDA:2,15,1,0
BRDA:2,16,0,0
BRDA:2,16,1,0
BRDA:2,17,0,0
BRDA:2,17,1,0
BRDA:2,18,0,0
BRDA:2,18,1,0
BRDA:2,19,0,0
BRDA:2,19,1,0
BRDA:2,20,0,0
BRDA:2,20,1,0
BRDA:2,21,0,0
BRDA:2,21,1,0
BRDA:2,22,0,0
BRDA:2,22,1,0
BRDA:2,23,0,0
BRDA:2,23,1,0
BRDA:2,24,0,0
BRDA:2,24,1,0
BRDA:2,25,0,0
BRDA:2,25,1,0
BRDA:2,26,0,0
BRDA:2,26,1,0
BRDA:2,27,0,0
BRDA:2,27,1,0
BRDA:2,28,0,0
BRDA:2,28,1,0
BRDA:2,29,0,0
BRDA:2,29,1,0
BRDA:2,29,2,0
BRDA:2,29,3,0
BRDA:2,29,4,0
BRDA:2,30,0,0
BRDA:2,30,1,0
BRDA:2,31,0,0
BRDA:2,31,1,0
BRDA:2,32,0,0
BRDA:2,32,1,0
BRDA:2,33,0,0
BRDA:2,33,1,0
BRDA:2,34,0,0
BRDA:2,34,1,0
BRDA:2,35,0,0
BRDA:2,35,1,0
BRDA:2,36,0,0
BRDA:2,36,1,0
BRDA:2,37,0,0
BRDA:2,37,1,0
BRDA:2,38,0,0
BRDA:2,38,1,0
BRDA:2,39,0,0
BRDA:2,39,1,0
BRDA:2,40,0,0
BRDA:2,40,1,0
BRDA:2,41,0,0
BRDA:2,41,1,0
BRDA:2,42,0,0
BRDA:2,42,1,0
BRDA:2,43,0,0
BRDA:2,43,1,0
BRDA:2,44,0,0
BRDA:2,44,1,0
BRDA:2,44,2,0
BRDA:2,45,0,0
BRDA:2,45,1,0
BRDA:2,46,0,0
BRDA:2,46,1,0
BRDA:2,47,0,0
BRDA:2,47,1,0
BRDA:2,48,0,0
BRDA:2,48,1,0
BRDA:2,49,0,0
BRDA:2,49,1,0
BRDA:2,50,0,0
BRDA:2,50,1,0
BRDA:2,51,0,0
BRDA:2,51,1,0
BRDA:2,52,0,0
BRDA:2,52,1,0
BRDA:2,52,2,0
BRDA:2,52,3,0
BRDA:2,53,0,0
BRDA:2,53,1,0
BRDA:2,54,0,0
BRDA:2,54,1,0
BRDA:2,55,0,0
BRDA:2,55,1,0
BRDA:2,56,0,0
BRDA:2,56,1,0
BRDA:2,57,0,0
BRDA:2,57,1,0
BRDA:2,58,0,0
BRDA:2,58,1,0
BRDA:2,59,0,0
BRDA:2,59,1,0
BRDA:2,60,0,0
BRDA:2,60,1,0
BRDA:2,61,0,0
BRDA:2,61,1,0
BRDA:2,62,0,0
BRDA:2,62,1,0
BRDA:2,63,0,0
BRDA:2,63,1,0
BRDA:2,64,0,0
BRDA:2,64,1,0
BRDA:2,65,0,0
BRDA:2,65,1,0
BRDA:2,66,0,0
BRDA:2,66,1,0
BRDA:2,67,0,0
BRDA:2,67,1,0
BRDA:2,67,2,0
BRDA:2,68,0,0
BRDA:2,68,1,0
BRDA:2,68,2,0
BRDA:2,68,3,0
BRDA:2,68,4,0
BRDA:2,68,5,0
BRDA:2,69,0,0
BRDA:2,69,1,0
BRDA:2,70,0,0
BRDA:2,70,1,0
BRDA:2,71,0,0
BRDA:2,71,1,0
BRDA:2,72,0,0
BRDA:2,72,1,0
BRDA:2,73,0,0
BRDA:2,73,1,0
BRDA:2,74,0,0
BRDA:2,74,1,0
BRDA:2,75,0,0
BRDA:2,75,1,0
BRDA:2,75,2,0
BRDA:2,76,0,0
BRDA:2,76,1,0
BRDA:2,77,0,0
BRDA:2,77,1,0
BRDA:2,78,0,0
BRDA:2,78,1,0
BRDA:2,79,0,0
BRDA:2,79,1,0
BRDA:3,80,0,0
BRDA:3,80,1,0
BRDA:137,81,0,0
BRDA:137,81,1,0
BRDA:143,82,0,0
BRDA:143,82,1,0
BRDA:149,83,0,0
BRDA:149,83,1,0
BRDA:158,84,0,0
BRDA:158,84,1,0
BRDA:159,85,0,0
BRDA:159,85,1,0
BRDA:165,86,0,0
BRDA:165,86,1,0
BRDA:166,87,0,0
BRDA:166,87,1,0
BRDA:176,88,0,0
BRDA:176,88,1,0
BRDA:293,89,0,0
BRDA:293,89,1,0
BRDA:296,90,0,0
BRDA:296,90,1,0
BRDA:303,91,0,0
BRDA:303,91,1,0
BRDA:311,92,0,0
[...]
BRDA:8,70,1,0
BRDA:8,71,0,0
BRDA:8,71,1,0
BRDA:8,72,0,0
BRDA:8,72,1,0
BRDA:8,73,0,0
BRDA:8,73,1,0
BRDA:8,74,0,0
BRDA:8,74,1,0
BRDA:8,75,0,0
BRDA:8,75,1,0
BRDA:8,76,0,0
BRDA:8,76,1,0
BRDA:8,77,0,0
BRDA:8,77,1,0
BRDA:8,78,0,0
BRDA:8,78,1,0
BRDA:8,79,0,0
BRDA:8,79,1,0
BRDA:8,79,2,0
BRDA:8,80,0,0
BRDA:8,80,1,0
BRDA:8,80,2,0
BRDA:8,80,3,0
BRDA:8,80,4,0
BRDA:8,80,5,0
BRDA:8,81,0,0
BRDA:8,81,1,0
BRDA:8,82,0,0
BRDA:8,82,1,0
BRDA:8,83,0,0
BRDA:8,83,1,0
BRDA:8,84,0,0
BRDA:8,84,1,0
BRDA:8,85,0,0
BRDA:8,85,1,0
BRDA:8,86,0,0
BRDA:8,86,1,0
BRDA:8,87,0,0
BRDA:8,87,1,0
BRDA:8,87,2,0
BRDA:8,88,0,0
BRDA:8,88,1,0
BRDA:8,89,0,0
BRDA:8,89,1,0
BRDA:8,90,0,0
BRDA:8,90,1,0
BRDA:8,91,0,0
BRDA:8,91,1,0
BRDA:9,92,0,0
BRDA:9,92,1,0
BRDA:226,93,0,0
BRDA:226,93,1,0
BRDA:237,94,0,0
BRDA:237,94,1,0
BRDA:251,95,0,0
BRDA:251,95,1,0
BRDA:252,96,0,0
BRDA:252,96,1,0
BRDA:258,97,0,0
BRDA:258,97,1,0
BRDA:258,97,2,0
BRDA:258,97,3,0
BRDA:258,97,4,0
BRDA:258,97,5,0
BRDA:275,98,0,0
BRDA:275,98,1,0
BRDA:276,99,0,0
BRDA:276,99,1,0
BRDA:316,100,0,0
BRDA:316,100,1,0
BRDA:317,101,0,0
BRDA:317,101,1,0
BRDA:379,102,0,0
BRDA:379,102,1,0
BRDA:380,103,0,0
BRDA:380,103,1,0
BRDA:428,104,0,0
BRDA:428,104,1,0
BRDA:429,105,0,0
BRDA:429,105,1,0
BRDA:469,106,0,0
BRDA:469,106,1,0
BRDA:473,107,0,0
BRDA:473,107,1,0
BRDA:477,108,0,0
BRDA:477,108,1,0
BRDA:481,109,0,0
BRDA:481,109,1,0
BRDA:489,110,0,0
BRDA:489,110,1,0
BRDA:492,111,0,0
BRDA:492,111,1,0
BRDA:495,112,0,0
BRDA:495,112,1,0
BRDA:498,113,0,0
BRDA:498,113,1,0
BRDA:601,114,0,0
BRDA:601,114,1,0
BRDA:607,115,0,0
BRDA:607,115,1,0
BRDA:627,116,0,0
BRDA:627,116,1,0
BRDA:640,117,0,0
BRDA:640,117,1,0
BRDA:643,118,0,0
BRDA:643,118,1,0
BRDA:646,119,0,0
BRDA:646,119,1,0
BRDA:648,120,0,0
BRDA:648,120,1,0
BRDA:648,121,0,0
BRDA:648,121,1,0
BRDA:648,122,0,0
BRDA:648,122,1,0
BRDA:648,123,0,0
BRDA:648,123,1,0
BRDA:648,124,0,0
BRDA:648,124,1,0
BRDA:704,125,0,0
BRDA:704,125,1,0
BRF:276
BRH:0
end_of_record
TN:
SF:src/views/job/JobDetail.vue
FN:4,data
FN:10,mounted
FN:24,render
FNF:3
FNH:0
FNDA:0,data
FNDA:0,mounted
FNDA:0,render
DA:5,0
DA:11,0
DA:14,0
DA:16,0
DA:19,0
DA:20,0
DA:21,0
DA:25,0
DA:26,0
LF:9
LH:0
BRDA:25,0,0,0
BRDA:25,0,1,0
BRF:2
BRH:0
end_of_record
TN:
SF:src/views/job/JobList.vue
FN:12,setup
FN:22,handleSelectJob
FN:27,refreshJobList
FN:34,goToUpload
FN:39,handleViewResume
FN:79,render
FN:89,(anonymous_6)
FN:91,(anonymous_7)
FNF:8
FNH:0
FNDA:0,setup
FNDA:0,handleSelectJob
FNDA:0,refreshJobList
FNDA:0,goToUpload
FNDA:0,handleViewResume
FNDA:0,render
FNDA:0,(anonymous_6)
FNDA:0,(anonymous_7)
DA:13,0
DA:16,0
DA:19,0
DA:22,0
DA:23,0
DA:27,0
DA:28,0
DA:29,0
DA:34,0
DA:35,0
DA:39,0
DA:40,0
DA:44,0
DA:54,0
DA:56,0
DA:59,0
DA:60,0
DA:61,0
DA:64,0
DA:67,0
DA:70,0
DA:73,0
DA:76,0
DA:80,0
DA:81,0
DA:82,0
DA:83,0
DA:84,0
DA:85,0
DA:90,0
DA:92,0
DA:106,0
LF:32
LH:0
BRDA:28,0,0,0
BRDA:28,0,1,0
BRDA:85,1,0,0
BRDA:85,1,1,0
BRDA:95,2,0,0
BRDA:95,2,1,0
BRF:6
BRH:0
end_of_record
TN:
SF:src/views/job/JobUpload.vue
FN:10,setup
FN:15,handleFileUploaded
FN:23,handleJobSaved
FN:66,render
FNF:4
FNH:0
FNDA:0,setup
FNDA:0,handleFileUploaded
FNDA:0,handleJobSaved
FNDA:0,render
DA:12,0
DA:15,0
DA:16,0
DA:18,0
DA:23,0
DA:24,0
DA:26,0
DA:27,0
DA:28,0
DA:31,0
DA:38,0
DA:40,0
DA:43,0
DA:44,0
DA:45,0
DA:48,0
DA:51,0
DA:54,0
DA:58,0
DA:61,0
DA:62,0
DA:67,0
DA:68,0
DA:69,0
DA:81,0
LF:25
LH:0
BRDA:16,0,0,0
BRDA:16,0,1,0
BRDA:26,1,0,0
BRDA:26,1,1,0
BRDA:69,2,0,0
BRDA:69,2,1,0
BRDA:75,3,0,0
BRDA:75,3,1,0
BRDA:75,4,0,0
BRDA:75,4,1,0
BRF:10
BRH:0
end_of_record
TN:
SF:src/views/match/MatchDetail.vue
FN:10,setup
FN:18,goBack
FN:23,handleViewResume
FN:30,handleViewJob
FN:37,handleAddToPlan
FN:48,(anonymous_5)
FN:79,render
FN:87,(anonymous_7)
FN:89,(anonymous_8)
FNF:9
FNH:0
FNDA:0,setup
FNDA:0,goBack
FNDA:0,handleViewResume
FNDA:0,handleViewJob
FNDA:0,handleAddToPlan
FNDA:0,(anonymous_5)
FNDA:0,render
FNDA:0,(anonymous_7)
FNDA:0,(anonymous_8)
DA:11,0
DA:12,0
DA:15,0
DA:18,0
DA:19,0
DA:23,0
DA:24,0
DA:30,0
DA:31,0
DA:37,0
DA:38,0
DA:48,0
DA:49,0
DA:51,0
DA:60,0
DA:62,0
DA:65,0
DA:66,0
DA:67,0
DA:70,0
DA:73,0
DA:76,0
DA:80,0
DA:81,0
DA:82,0
DA:83,0
DA:84,0
DA:88,0
DA:90,0
DA:102,0
LF:30
LH:0
BRDA:84,0,0,0
BRDA:84,0,1,0
BRDA:93,1,0,0
BRDA:93,1,1,0
BRF:4
BRH:0
end_of_record
TN:
SF:src/views/match/MatchList.vue
FN:2,_regeneratorRuntime
FN:2,_regeneratorRuntime
FN:2,(anonymous_2)
FN:2,define
FN:2,define
FN:2,wrap
FN:2,tryCatch
FN:2,Generator
FN:2,GeneratorFunction
FN:2,GeneratorFunctionPrototype
FN:2,(anonymous_10)
FN:2,defineIteratorMethods
FN:2,(anonymous_12)
FN:2,(anonymous_13)
FN:2,AsyncIterator
FN:2,invoke
FN:2,(anonymous_16)
FN:2,(anonymous_17)
FN:2,(anonymous_18)
FN:2,(anonymous_19)
FN:2,value
FN:2,callInvokeWithMethodAndArg
FN:2,(anonymous_22)
FN:2,makeInvokeMethod
FN:2,(anonymous_24)
FN:2,maybeInvokeDelegate
FN:2,pushTryEntry
FN:2,resetTryEntry
FN:2,Context
FN:2,values
FN:2,next
FN:2,(anonymous_31)
FN:2,(anonymous_32)
FN:2,(anonymous_33)
FN:2,(anonymous_34)
FN:2,(anonymous_35)
FN:2,(anonymous_36)
FN:2,(anonymous_37)
FN:2,(anonymous_38)
FN:2,(anonymous_39)
FN:2,next
FN:2,reset
FN:2,stop
FN:2,dispatchException
FN:2,handle
FN:2,abrupt
FN:2,complete
FN:2,finish
FN:2,_catch
FN:2,delegateYield
FN:3,asyncGeneratorStep
FN:4,_asyncToGenerator
FN:4,(anonymous_52)
FN:4,(anonymous_53)
FN:4,_next
FN:4,_throw
FN:15,setup
FN:64,(anonymous_57)
FN:67,_callee
FN:160,fetchMatchList
FN:166,handleSelectMatch
FN:171,handleSearch
FN:177,handleFilterChange
FN:183,handleCurrentChange
FN:188,handleSizeChange
FN:194,goToMatch
FN:199,handleViewResume
FN:206,handleViewJob
FN:213,handleAddToPlan
FN:224,getMatchScoreColor
FN:231,getStatusType
FN:242,getScoreRange
FN:253,formatDate
FN:264,(anonymous_73)
FN:325,render
FN:344,(anonymous_75)
FN:346,(anonymous_76)
FN:355,(anonymous_77)
FN:362,(anonymous_78)
FN:364,(anonymous_79)
FN:373,(anonymous_80)
FN:380,(anonymous_81)
FN:381,(anonymous_82)
FN:392,(anonymous_83)
FN:399,(anonymous_84)
FN:400,(anonymous_85)
FN:417,(anonymous_86)
FN:431,(anonymous_87)
FN:443,(anonymous_88)
FN:452,(anonymous_89)
FN:456,(anonymous_90)
FN:468,(anonymous_91)
FN:472,(anonymous_92)
FNF:93
FNH:0
FNDA:0,_regeneratorRuntime
FNDA:0,_regeneratorRuntime
FNDA:0,(anonymous_2)
FNDA:0,define
FNDA:0,define
FNDA:0,wrap
FNDA:0,tryCatch
FNDA:0,Generator
FNDA:0,GeneratorFunction
FNDA:0,GeneratorFunctionPrototype
FNDA:0,(anonymous_10)
FNDA:0,defineIteratorMethods
FNDA:0,(anonymous_12)
FNDA:0,(anonymous_13)
FNDA:0,AsyncIterator
FNDA:0,invoke
FNDA:0,(anonymous_16)
FNDA:0,(anonymous_17)
FNDA:0,(anonymous_18)
FNDA:0,(anonymous_19)
FNDA:0,value
FNDA:0,callInvokeWithMethodAndArg
FNDA:0,(anonymous_22)
FNDA:0,makeInvokeMethod
FNDA:0,(anonymous_24)
FNDA:0,maybeInvokeDelegate
FNDA:0,pushTryEntry
FNDA:0,resetTryEntry
FNDA:0,Context
FNDA:0,values
FNDA:0,next
FNDA:0,(anonymous_31)
FNDA:0,(anonymous_32)
FNDA:0,(anonymous_33)
FNDA:0,(anonymous_34)
FNDA:0,(anonymous_35)
FNDA:0,(anonymous_36)
FNDA:0,(anonymous_37)
FNDA:0,(anonymous_38)
FNDA:0,(anonymous_39)
FNDA:0,next
FNDA:0,reset
FNDA:0,stop
FNDA:0,dispatchException
FNDA:0,handle
FNDA:0,abrupt
FNDA:0,complete
FNDA:0,finish
FNDA:0,_catch
FNDA:0,delegateYield
FNDA:0,asyncGeneratorStep
FNDA:0,_asyncToGenerator
FNDA:0,(anonymous_52)
FNDA:0,(anonymous_53)
FNDA:0,_next
FNDA:0,_throw
FNDA:0,setup
FNDA:0,(anonymous_57)
FNDA:0,_callee
FNDA:0,fetchMatchList
FNDA:0,handleSelectMatch
FNDA:0,handleSearch
FNDA:0,handleFilterChange
FNDA:0,handleCurrentChange
FNDA:0,handleSizeChange
FNDA:0,goToMatch
FNDA:0,handleViewResume
FNDA:0,handleViewJob
FNDA:0,handleAddToPlan
FNDA:0,getMatchScoreColor
FNDA:0,getStatusType
FNDA:0,getScoreRange
FNDA:0,formatDate
FNDA:0,(anonymous_73)
FNDA:0,render
FNDA:0,(anonymous_75)
FNDA:0,(anonymous_76)
FNDA:0,(anonymous_77)
FNDA:0,(anonymous_78)
FNDA:0,(anonymous_79)
FNDA:0,(anonymous_80)
FNDA:0,(anonymous_81)
FNDA:0,(anonymous_82)
FNDA:0,(anonymous_83)
FNDA:0,(anonymous_84)
FNDA:0,(anonymous_85)
FNDA:0,(anonymous_86)
FNDA:0,(anonymous_87)
FNDA:0,(anonymous_88)
FNDA:0,(anonymous_89)
FNDA:0,(anonymous_90)
FNDA:0,(anonymous_91)
FNDA:0,(anonymous_92)
DA:2,0
DA:3,0
DA:4,0
DA:16,0
DA:19,0
DA:22,0
DA:25,0
DA:28,0
DA:29,0
DA:30,0
DA:33,0
DA:34,0
DA:35,0
DA:38,0
DA:50,0
DA:64,0
DA:65,0
DA:160,0
DA:161,0
DA:166,0
DA:167,0
DA:171,0
DA:172,0
DA:173,0
DA:177,0
DA:178,0
DA:179,0
DA:183,0
DA:184,0
DA:188,0
DA:189,0
DA:190,0
DA:194,0
DA:195,0
DA:199,0
DA:200,0
DA:206,0
DA:207,0
DA:213,0
DA:214,0
DA:224,0
DA:225,0
DA:226,0
DA:227,0
DA:231,0
DA:232,0
DA:238,0
DA:242,0
DA:243,0
DA:244,0
DA:249,0
DA:253,0
DA:254,0
DA:255,0
DA:256,0
DA:264,0
DA:265,0
DA:267,0
DA:294,0
DA:296,0
DA:299,0
DA:300,0
DA:301,0
DA:304,0
DA:307,0
DA:310,0
DA:313,0
DA:316,0
DA:319,0
DA:322,0
DA:326,0
DA:327,0
DA:328,0
DA:329,0
DA:330,0
DA:331,0
DA:332,0
DA:333,0
DA:334,0
DA:335,0
DA:336,0
DA:337,0
DA:338,0
DA:339,0
DA:340,0
DA:345,0
DA:347,0
DA:356,0
DA:363,0
DA:365,0
DA:374,0
DA:381,0
DA:382,0
DA:393,0
DA:400,0
DA:401,0
DA:418,0
DA:432,0
DA:444,0
DA:453,0
DA:457,0
DA:469,0
DA:473,0
DA:486,0
LF:104
LH:0
BRDA:2,0,0,0
BRDA:2,0,1,0
BRDA:2,1,0,0
BRDA:2,1,1,0
BRDA:2,2,0,0
BRDA:2,2,1,0
BRDA:2,3,0,0
BRDA:2,3,1,0
BRDA:2,4,0,0
BRDA:2,4,1,0
BRDA:2,5,0,0
BRDA:2,5,1,0
BRDA:2,6,0,0
BRDA:2,6,1,0
BRDA:2,7,0,0
BRDA:2,7,1,0
BRDA:2,8,0,0
BRDA:2,8,1,0
BRDA:2,9,0,0
BRDA:2,9,1,0
BRDA:2,9,2,0
BRDA:2,9,3,0
BRDA:2,10,0,0
BRDA:2,10,1,0
BRDA:2,11,0,0
BRDA:2,11,1,0
BRDA:2,12,0,0
BRDA:2,12,1,0
BRDA:2,12,2,0
BRDA:2,13,0,0
BRDA:2,13,1,0
BRDA:2,14,0,0
BRDA:2,14,1,0
BRDA:2,15,0,0
BRDA:2,15,1,0
BRDA:2,16,0,0
BRDA:2,16,1,0
BRDA:2,17,0,0
BRDA:2,17,1,0
BRDA:2,18,0,0
BRDA:2,18,1,0
BRDA:2,19,0,0
BRDA:2,19,1,0
BRDA:2,20,0,0
BRDA:2,20,1,0
BRDA:2,21,0,0
BRDA:2,21,1,0
BRDA:2,22,0,0
BRDA:2,22,1,0
BRDA:2,23,0,0
BRDA:2,23,1,0
BRDA:2,24,0,0
BRDA:2,24,1,0
BRDA:2,25,0,0
BRDA:2,25,1,0
BRDA:2,26,0,0
BRDA:2,26,1,0
BRDA:2,27,0,0
BRDA:2,27,1,0
BRDA:2,28,0,0
BRDA:2,28,1,0
BRDA:2,29,0,0
BRDA:2,29,1,0
BRDA:2,29,2,0
BRDA:2,29,3,0
BRDA:2,29,4,0
BRDA:2,30,0,0
BRDA:2,30,1,0
BRDA:2,31,0,0
BRDA:2,31,1,0
BRDA:2,32,0,0
BRDA:2,32,1,0
BRDA:2,33,0,0
BRDA:2,33,1,0
BRDA:2,34,0,0
BRDA:2,34,1,0
BRDA:2,35,0,0
BRDA:2,35,1,0
BRDA:2,36,0,0
BRDA:2,36,1,0
BRDA:2,37,0,0
BRDA:2,37,1,0
BRDA:2,38,0,0
BRDA:2,38,1,0
BRDA:2,39,0,0
BRDA:2,39,1,0
BRDA:2,40,0,0
BRDA:2,40,1,0
BRDA:2,41,0,0
BRDA:2,41,1,0
BRDA:2,42,0,0
BRDA:2,42,1,0
BRDA:2,43,0,0
BRDA:2,43,1,0
BRDA:2,44,0,0
BRDA:2,44,1,0
BRDA:2,44,2,0
BRDA:2,45,0,0
BRDA:2,45,1,0
BRDA:2,46,0,0
BRDA:2,46,1,0
BRDA:2,47,0,0
BRDA:2,47,1,0
BRDA:2,48,0,0
BRDA:2,48,1,0
BRDA:2,49,0,0
BRDA:2,49,1,0
BRDA:2,50,0,0
BRDA:2,50,1,0
BRDA:2,51,0,0
BRDA:2,51,1,0
BRDA:2,52,0,0
BRDA:2,52,1,0
BRDA:2,52,2,0
BRDA:2,52,3,0
BRDA:2,53,0,0
BRDA:2,53,1,0
BRDA:2,54,0,0
BRDA:2,54,1,0
BRDA:2,55,0,0
BRDA:2,55,1,0
BRDA:2,56,0,0
BRDA:2,56,1,0
BRDA:2,57,0,0
BRDA:2,57,1,0
BRDA:2,58,0,0
BRDA:2,58,1,0
BRDA:2,59,0,0
BRDA:2,59,1,0
BRDA:2,60,0,0
BRDA:2,60,1,0
BRDA:2,61,0,0
BRDA:2,61,1,0
BRDA:2,62,0,0
BRDA:2,62,1,0
BRDA:2,63,0,0
BRDA:2,63,1,0
BRDA:2,64,0,0
BRDA:2,64,1,0
BRDA:2,65,0,0
BRDA:2,65,1,0
BRDA:2,66,0,0
BRDA:2,66,1,0
BRDA:2,67,0,0
BRDA:2,67,1,0
BRDA:2,67,2,0
BRDA:2,68,0,0
BRDA:2,68,1,0
BRDA:2,68,2,0
BRDA:2,68,3,0
BRDA:2,68,4,0
BRDA:2,68,5,0
BRDA:2,69,0,0
BRDA:2,69,1,0
BRDA:2,70,0,0
BRDA:2,70,1,0
BRDA:2,71,0,0
BRDA:2,71,1,0
BRDA:2,72,0,0
BRDA:2,72,1,0
BRDA:2,73,0,0
BRDA:2,73,1,0
BRDA:2,74,0,0
BRDA:2,74,1,0
BRDA:2,75,0,0
BRDA:2,75,1,0
BRDA:2,75,2,0
BRDA:2,76,0,0
BRDA:2,76,1,0
BRDA:2,77,0,0
BRDA:2,77,1,0
BRDA:2,78,0,0
BRDA:2,78,1,0
BRDA:2,79,0,0
BRDA:2,79,1,0
BRDA:3,80,0,0
BRDA:3,80,1,0
BRDA:225,81,0,0
BRDA:225,81,1,0
BRDA:226,82,0,0
BRDA:226,82,1,0
BRDA:238,83,0,0
BRDA:238,83,1,0
BRDA:243,84,0,0
BRDA:243,84,1,0
BRDA:254,85,0,0
BRDA:254,85,1,0
BRDA:340,86,0,0
BRDA:340,86,1,0
BRDA:350,87,0,0
BRDA:350,87,1,0
BRDA:355,88,0,0
BRDA:355,88,1,0
BRDA:373,89,0,0
BRDA:373,89,1,0
BRDA:392,90,0,0
BRDA:392,90,1,0
BRDA:468,91,0,0
BRDA:468,91,1,0
BRDA:472,92,0,0
BRDA:472,92,1,0
BRF:201
BRH:0
end_of_record
TN:
SF:src/views/match/PlanGeneration.vue
FN:2,_regeneratorRuntime
FN:2,_regeneratorRuntime
FN:2,(anonymous_2)
FN:2,define
FN:2,define
FN:2,wrap
FN:2,tryCatch
FN:2,Generator
FN:2,GeneratorFunction
FN:2,GeneratorFunctionPrototype
FN:2,(anonymous_10)
FN:2,defineIteratorMethods
FN:2,(anonymous_12)
FN:2,(anonymous_13)
FN:2,AsyncIterator
FN:2,invoke
FN:2,(anonymous_16)
FN:2,(anonymous_17)
FN:2,(anonymous_18)
FN:2,(anonymous_19)
FN:2,value
FN:2,callInvokeWithMethodAndArg
FN:2,(anonymous_22)
FN:2,makeInvokeMethod
FN:2,(anonymous_24)
FN:2,maybeInvokeDelegate
FN:2,pushTryEntry
FN:2,resetTryEntry
FN:2,Context
FN:2,values
FN:2,next
FN:2,(anonymous_31)
FN:2,(anonymous_32)
FN:2,(anonymous_33)
FN:2,(anonymous_34)
FN:2,(anonymous_35)
FN:2,(anonymous_36)
FN:2,(anonymous_37)
FN:2,(anonymous_38)
FN:2,(anonymous_39)
FN:2,next
FN:2,reset
FN:2,stop
FN:2,dispatchException
FN:2,handle
FN:2,abrupt
FN:2,complete
FN:2,finish
FN:2,_catch
FN:2,delegateYield
FN:3,asyncGeneratorStep
FN:4,_asyncToGenerator
FN:4,(anonymous_52)
FN:4,(anonymous_53)
FN:4,_next
FN:4,_throw
FN:17,setup
FN:37,goBack
FN:42,handlePlanGenerated
FN:48,viewPlan
FN:57,exportPlan
FN:66,(anonymous_61)
FN:69,_callee
FN:122,fetchInitialData
FN:128,(anonymous_64)
FN:166,render
FN:177,(anonymous_66)
FN:179,(anonymous_67)
FN:192,(anonymous_68)
FN:198,(anonymous_69)
FN:204,(anonymous_70)
FN:209,(anonymous_71)
FN:216,(anonymous_72)
FN:228,(anonymous_73)
FN:234,(anonymous_74)
FNF:75
FNH:0
FNDA:0,_regeneratorRuntime
FNDA:0,_regeneratorRuntime
FNDA:0,(anonymous_2)
FNDA:0,define
FNDA:0,define
FNDA:0,wrap
FNDA:0,tryCatch
FNDA:0,Generator
FNDA:0,GeneratorFunction
FNDA:0,GeneratorFunctionPrototype
FNDA:0,(anonymous_10)
FNDA:0,defineIteratorMethods
FNDA:0,(anonymous_12)
FNDA:0,(anonymous_13)
FNDA:0,AsyncIterator
FNDA:0,invoke
FNDA:0,(anonymous_16)
FNDA:0,(anonymous_17)
FNDA:0,(anonymous_18)
FNDA:0,(anonymous_19)
FNDA:0,value
FNDA:0,callInvokeWithMethodAndArg
FNDA:0,(anonymous_22)
FNDA:0,makeInvokeMethod
FNDA:0,(anonymous_24)
FNDA:0,maybeInvokeDelegate
FNDA:0,pushTryEntry
FNDA:0,resetTryEntry
FNDA:0,Context
FNDA:0,values
FNDA:0,next
FNDA:0,(anonymous_31)
FNDA:0,(anonymous_32)
FNDA:0,(anonymous_33)
FNDA:0,(anonymous_34)
FNDA:0,(anonymous_35)
FNDA:0,(anonymous_36)
FNDA:0,(anonymous_37)
FNDA:0,(anonymous_38)
FNDA:0,(anonymous_39)
FNDA:0,next
FNDA:0,reset
FNDA:0,stop
FNDA:0,dispatchException
FNDA:0,handle
FNDA:0,abrupt
FNDA:0,complete
FNDA:0,finish
FNDA:0,_catch
FNDA:0,delegateYield
FNDA:0,asyncGeneratorStep
FNDA:0,_asyncToGenerator
FNDA:0,(anonymous_52)
FNDA:0,(anonymous_53)
FNDA:0,_next
FNDA:0,_throw
FNDA:0,setup
FNDA:0,goBack
FNDA:0,handlePlanGenerated
FNDA:0,viewPlan
FNDA:0,exportPlan
FNDA:0,(anonymous_61)
FNDA:0,_callee
FNDA:0,fetchInitialData
FNDA:0,(anonymous_64)
FNDA:0,render
FNDA:0,(anonymous_66)
FNDA:0,(anonymous_67)
FNDA:0,(anonymous_68)
FNDA:0,(anonymous_69)
FNDA:0,(anonymous_70)
FNDA:0,(anonymous_71)
FNDA:0,(anonymous_72)
FNDA:0,(anonymous_73)
FNDA:0,(anonymous_74)
DA:2,0
DA:3,0
DA:4,0
DA:18,0
DA:19,0
DA:22,0
DA:25,0
DA:28,0
DA:31,0
DA:34,0
DA:37,0
DA:38,0
DA:42,0
DA:43,0
DA:44,0
DA:48,0
DA:49,0
DA:50,0
DA:51,0
DA:57,0
DA:58,0
DA:59,0
DA:60,0
DA:66,0
DA:67,0
DA:122,0
DA:123,0
DA:128,0
DA:129,0
DA:131,0
DA:144,0
DA:146,0
DA:149,0
DA:150,0
DA:151,0
DA:154,0
DA:157,0
DA:160,0
DA:163,0
DA:167,0
DA:168,0
DA:169,0
DA:170,0
DA:171,0
DA:172,0
DA:173,0
DA:174,0
DA:178,0
DA:180,0
DA:193,0
DA:199,0
DA:205,0
DA:210,0
DA:217,0
DA:229,0
DA:235,0
DA:241,0
LF:57
LH:0
BRDA:2,0,0,0
BRDA:2,0,1,0
BRDA:2,1,0,0
BRDA:2,1,1,0
BRDA:2,2,0,0
BRDA:2,2,1,0
BRDA:2,3,0,0
BRDA:2,3,1,0
BRDA:2,4,0,0
BRDA:2,4,1,0
BRDA:2,5,0,0
BRDA:2,5,1,0
BRDA:2,6,0,0
BRDA:2,6,1,0
BRDA:2,7,0,0
BRDA:2,7,1,0
BRDA:2,8,0,0
BRDA:2,8,1,0
BRDA:2,9,0,0
BRDA:2,9,1,0
BRDA:2,9,2,0
BRDA:2,9,3,0
BRDA:2,10,0,0
BRDA:2,10,1,0
BRDA:2,11,0,0
BRDA:2,11,1,0
BRDA:2,12,0,0
BRDA:2,12,1,0
BRDA:2,12,2,0
BRDA:2,13,0,0
BRDA:2,13,1,0
BRDA:2,14,0,0
BRDA:2,14,1,0
BRDA:2,15,0,0
BRDA:2,15,1,0
BRDA:2,16,0,0
BRDA:2,16,1,0
BRDA:2,17,0,0
BRDA:2,17,1,0
BRDA:2,18,0,0
BRDA:2,18,1,0
BRDA:2,19,0,0
BRDA:2,19,1,0
BRDA:2,20,0,0
BRDA:2,20,1,0
BRDA:2,21,0,0
BRDA:2,21,1,0
BRDA:2,22,0,0
BRDA:2,22,1,0
BRDA:2,23,0,0
BRDA:2,23,1,0
BRDA:2,24,0,0
BRDA:2,24,1,0
BRDA:2,25,0,0
BRDA:2,25,1,0
BRDA:2,26,0,0
BRDA:2,26,1,0
BRDA:2,27,0,0
BRDA:2,27,1,0
BRDA:2,28,0,0
BRDA:2,28,1,0
BRDA:2,29,0,0
BRDA:2,29,1,0
BRDA:2,29,2,0
BRDA:2,29,3,0
BRDA:2,29,4,0
BRDA:2,30,0,0
BRDA:2,30,1,0
BRDA:2,31,0,0
BRDA:2,31,1,0
BRDA:2,32,0,0
BRDA:2,32,1,0
BRDA:2,33,0,0
BRDA:2,33,1,0
BRDA:2,34,0,0
BRDA:2,34,1,0
BRDA:2,35,0,0
BRDA:2,35,1,0
BRDA:2,36,0,0
BRDA:2,36,1,0
BRDA:2,37,0,0
BRDA:2,37,1,0
BRDA:2,38,0,0
BRDA:2,38,1,0
BRDA:2,39,0,0
BRDA:2,39,1,0
BRDA:2,40,0,0
BRDA:2,40,1,0
BRDA:2,41,0,0
BRDA:2,41,1,0
BRDA:2,42,0,0
BRDA:2,42,1,0
BRDA:2,43,0,0
BRDA:2,43,1,0
BRDA:2,44,0,0
BRDA:2,44,1,0
BRDA:2,44,2,0
BRDA:2,45,0,0
BRDA:2,45,1,0
BRDA:2,46,0,0
BRDA:2,46,1,0
BRDA:2,47,0,0
BRDA:2,47,1,0
BRDA:2,48,0,0
BRDA:2,48,1,0
BRDA:2,49,0,0
BRDA:2,49,1,0
BRDA:2,50,0,0
BRDA:2,50,1,0
BRDA:2,51,0,0
BRDA:2,51,1,0
BRDA:2,52,0,0
BRDA:2,52,1,0
BRDA:2,52,2,0
BRDA:2,52,3,0
BRDA:2,53,0,0
BRDA:2,53,1,0
BRDA:2,54,0,0
BRDA:2,54,1,0
BRDA:2,55,0,0
BRDA:2,55,1,0
BRDA:2,56,0,0
BRDA:2,56,1,0
BRDA:2,57,0,0
BRDA:2,57,1,0
BRDA:2,58,0,0
BRDA:2,58,1,0
BRDA:2,59,0,0
BRDA:2,59,1,0
BRDA:2,60,0,0
BRDA:2,60,1,0
BRDA:2,61,0,0
BRDA:2,61,1,0
BRDA:2,62,0,0
BRDA:2,62,1,0
BRDA:2,63,0,0
BRDA:2,63,1,0
BRDA:2,64,0,0
BRDA:2,64,1,0
BRDA:2,65,0,0
BRDA:2,65,1,0
BRDA:2,66,0,0
BRDA:2,66,1,0
BRDA:2,67,0,0
BRDA:2,67,1,0
BRDA:2,67,2,0
BRDA:2,68,0,0
BRDA:2,68,1,0
BRDA:2,68,2,0
BRDA:2,68,3,0
BRDA:2,68,4,0
BRDA:2,68,5,0
BRDA:2,69,0,0
BRDA:2,69,1,0
BRDA:2,70,0,0
BRDA:2,70,1,0
BRDA:2,71,0,0
BRDA:2,71,1,0
BRDA:2,72,0,0
BRDA:2,72,1,0
BRDA:2,73,0,0
BRDA:2,73,1,0
BRDA:2,74,0,0
BRDA:2,74,1,0
BRDA:2,75,0,0
BRDA:2,75,1,0
BRDA:2,75,2,0
BRDA:2,76,0,0
BRDA:2,76,1,0
BRDA:2,77,0,0
BRDA:2,77,1,0
BRDA:2,78,0,0
BRDA:2,78,1,0
BRDA:2,79,0,0
BRDA:2,79,1,0
BRDA:3,80,0,0
BRDA:3,80,1,0
BRDA:49,81,0,0
BRDA:49,81,1,0
BRDA:58,82,0,0
BRDA:58,82,1,0
BRDA:174,83,0,0
BRDA:174,83,1,0
BRDA:183,84,0,0
BRDA:183,84,1,0
BRDA:192,85,0,0
BRDA:192,85,1,0
BRDA:210,86,0,0
BRDA:210,86,1,0
BRDA:217,87,0,0
BRDA:217,87,1,0
BRDA:228,88,0,0
BRDA:228,88,1,0
BRF:193
BRH:0
end_of_record
TN:
SF:src/views/resume/ResumeDetail.vue
FN:10,setup
FN:18,goBack
FN:23,handleViewJob
FN:30,(anonymous_3)
FN:59,render
FN:67,(anonymous_5)
FN:69,(anonymous_6)
FNF:7
FNH:0
FNDA:0,setup
FNDA:0,goBack
FNDA:0,handleViewJob
FNDA:0,(anonymous_3)
FNDA:0,render
FNDA:0,(anonymous_5)
FNDA:0,(anonymous_6)
DA:11,0
DA:12,0
DA:15,0
DA:18,0
DA:19,0
DA:23,0
DA:24,0
DA:30,0
DA:31,0
DA:33,0
DA:40,0
DA:42,0
DA:45,0
DA:46,0
DA:47,0
DA:50,0
DA:53,0
DA:56,0
DA:60,0
DA:61,0
DA:62,0
DA:63,0
DA:64,0
DA:68,0
DA:70,0
DA:80,0
LF:26
LH:0
BRDA:64,0,0,0
BRDA:64,0,1,0
BRDA:73,1,0,0
BRDA:73,1,1,0
BRF:4
BRH:0
end_of_record
TN:
SF:src/views/resume/ResumeList.vue
FN:14,setup
FN:24,handleSelectResume
FN:29,refreshResumeList
FN:36,goToUpload
FN:41,handleViewJob
FN:48,handleFilterChange
FN:93,render
FN:104,(anonymous_7)
FN:106,(anonymous_8)
FNF:9
FNH:0
FNDA:0,setup
FNDA:0,handleSelectResume
FNDA:0,refreshResumeList
FNDA:0,goToUpload
FNDA:0,handleViewJob
FNDA:0,handleFilterChange
FNDA:0,render
FNDA:0,(anonymous_7)
FNDA:0,(anonymous_8)
DA:15,0
DA:18,0
DA:21,0
DA:24,0
DA:25,0
DA:29,0
DA:30,0
DA:31,0
DA:36,0
DA:37,0
DA:41,0
DA:42,0
DA:48,0
DA:49,0
DA:51,0
DA:54,0
DA:65,0
DA:67,0
DA:70,0
DA:71,0
DA:72,0
DA:75,0
DA:78,0
DA:81,0
DA:84,0
DA:87,0
DA:90,0
DA:94,0
DA:95,0
DA:96,0
DA:97,0
DA:98,0
DA:99,0
DA:100,0
DA:105,0
DA:107,0
DA:123,0
LF:37
LH:0
BRDA:30,0,0,0
BRDA:30,0,1,0
BRDA:49,1,0,0
BRDA:49,1,1,0
BRDA:100,2,0,0
BRDA:100,2,1,0
BRDA:110,3,0,0
BRDA:110,3,1,0
BRF:8
BRH:0
end_of_record
TN:
SF:src/views/resume/ResumeUpload.vue
FN:10,setup
FN:15,handleFileUploaded
FN:23,handleResumeSaved
FN:66,render
FNF:4
FNH:0
FNDA:0,setup
FNDA:0,handleFileUploaded
FNDA:0,handleResumeSaved
FNDA:0,render
DA:12,0
DA:15,0
DA:16,0
DA:18,0
DA:23,0
DA:24,0
DA:26,0
DA:27,0
DA:28,0
DA:31,0
DA:38,0
DA:40,0
DA:43,0
DA:44,0
DA:45,0
DA:48,0
DA:51,0
DA:54,0
DA:58,0
DA:61,0
DA:62,0
DA:67,0
DA:68,0
DA:69,0
DA:81,0
LF:25
LH:0
BRDA:16,0,0,0
BRDA:16,0,1,0
BRDA:26,1,0,0
BRDA:26,1,1,0
BRDA:69,2,0,0
BRDA:69,2,1,0
BRDA:75,3,0,0
BRDA:75,3,1,0
BRDA:75,4,0,0
BRDA:75,4,1,0
BRF:10
BRH:0
end_of_record
